0 : 3YRN6RO8B2aRZVYYV2a5NaQ60257U2S6UN5R6NaQORPN5RS8Ya2772OR6RRaOB7URN8675NYVNaT29R5aZRa7NaQ3YRN6ROR9VTVYNa7

1 : 4ZSO7SP9C3bS1WZZW3b6ObR7a368V3T7VO6S7ObRPSQO6ST9Zb3883PS7SSbPC8VSO9786OZWObU30S6b1Sb8ObR4ZSO7SPS0WUWZOb8

2 : 51TP8TQ0D4cT2X11X4c7PcS8b479W4U8WP7T8PcSQTRP7TU01c4994QT8TTcQD9WTP0897P1XPcV4aT7c2Tc9PcS51TP8TQTaXVX1Pc9

3 : 62UQ9URaE5dU3Y22Y5d8QdT9c580X5V9XQ8U9QdTRUSQ8UVa2d5005RU9UUdRE0XUQa908Q2YQdW5bU8d3Ud0QdT62UQ9URUbYWY2Qd0

4 : 73VR0VSbF6eV4Z33Z6e9ReU0d69aY6W0YR9V0ReUSVTR9VWb3e6aa6SV0VVeSFaYVRb0a9R3ZReX6cV9e4VeaReU73VR0VSVcZXZ3Rea

5 : 84WSaWTcG7fW514417f0SfVae70bZ7XaZS0WaSfVTWUS0WXc4f7bb7TWaWWfTGbZWScab0S41SfY7dW0f5WfbSfV84WSaWTWd1Y14Sfb

6 : 95XTbXUdH8gX625528gaTgWbf8ac18Yb1TaXbTgWUXVTaXYd5g8cc8UXbXXgUHc1XTdbcaT52TgZ8eXag6XgcTgW95XTbXUXe2Z25Tgc

7 : 06YUcYVeI9hY736639hbUhXcg9bd29Zc2UbYcUhXVYWUbYZe6h9dd9VYcYYhVId2YUecdbU63Uh19fYbh7YhdUhX06YUcYVYf3136Uhd

8 : a7ZVdZWfJ0iZ847740icViYdh0ce301d3VcZdViYWZXVcZ1f7i0ee0WZdZZiWJe3ZVfdecV74Vi20gZci8ZieViYa7ZVdZWZg4247Vie

9 : b81We1XgKaj195885ajdWjZeiadf4a2e4Wd1eWjZX1YWd12g8jaffaX1e11jXKf41WgefdW85Wj3ah1dj91jfWjZb81We1X1h5358Wjf

10 : c92Xf2YhLbk206996bkeXk1fjbeg5b3f5Xe2fXk1Y2ZXe23h9kbggbY2f22kYLg52XhfgeX96Xk4bi2ek02kgXk1c92Xf2Y2i6469Xkg

11 : d03Yg3ZiMcl3a7007clfYl2gkcfh6c4g6Yf3gYl2Z31Yf34i0lchhcZ3g33lZMh63YighfY07Yl5cj3fla3lhYl2d03Yg3Z3j7570Ylh

12 : ea4Zh41jNdm4b8aa8dmgZm3hldgi7d5h7Zg4hZm3142Zg45jamdiid14h44m1Ni74ZjhigZa8Zm6dk4gmb4miZm3ea4Zh414k868aZmi

13 : fb51i52kOen5c9bb9enh1n4imehj8e6i81h5i1n42531h56kbnejje25i55n2Oj851kijh1b91n7el5hnc5nj1n4fb51i525l979b1nj

14 : gc62j63lPfo6d0cc0foi2o5jnfik9f7j92i6j2o53642i67lcofkkf36j66o3Pk962ljki2c02o8fm6iod6ok2o5gc62j636m080c2ok

15 : hd73k74mQgp7eaddagpj3p6kogjl0g8k03j7k3p64753j78mdpgllg47k77p4Ql073mklj3da3p9gn7jpe7pl3p6hd73k747na9ad3pl

16 : ie84l85nRhq8fbeebhqk4q7lphkmah9la4k8l4q75864k89neqhmmh58l88q5Rma84nlmk4eb4q0ho8kqf8qm4q7ie84l858ob0be4qm

17 : jf95m96oSir9gcffcirl5r8mqilnbi0mb5l9m5r86975l90ofrinni69m99r6Snb95omnl5fc5raip9lrg9rn5r8jf95m969pcacf5rn

18 : kg06n07pTjs0hdggdjsm6s9nrjmocjanc6m0n6s97086m0apgsjooj70n00s7Toc06pnom6gd6sbjq0msh0so6s9kg06n070qdbdg6so

19 : lha7oa8qUktaiehhektn7t0osknpdkbod7nao7t08a97nabqhtkppk8aoaat8Upda7qopn7he7tckrantiatp7t0lha7oa8areceh7tp

20 : mib8pb9rVlubjfiifluo8uaptloqelcpe8obp8ua9b08obcriulqql9bpbbu9Vqeb8rpqo8if8udlsboujbuq8uamib8pb9bsfdfi8uq

21 : njc9qc0sWmvckgjjgmvp9vbqumprfmdqf9pcq9vb0ca9pcdsjvmrrm0cqccv0Wrfc9sqrp9jg9vemtcpvkcvr9vbnjc9qc0ctgegj9vr

22 : okd0rdatXnwdlhkkhnwq0wcrvnqsgnerg0qdr0wcadb0qdetkwnssnadrddwaXsgd0trsq0kh0wfnudqwldws0wcokd0rdaduhfhk0ws

23 : pleasebuYoxemillioxraxdsworthofsharesaxdbecarefulxottobeseexbYtheaustraliaxgoverxmextaxdpleasebevigilaxt

24 : qmfbtfcvZpyfnjmmjpysbyetxpsuipgtibsftbyecfdbsfgvmypuupcftffycZuifbvtusbmjbyhpwfsynfyubyeqmfbtfcfwjhjmbyu

25 : rngcugdw1qzgoknnkqztczfuyqtvjqhujctguczfdgectghwnzqvvqdguggzd1vjgcwuvtcnkcziqxgtzogzvczfrngcugdgxkiknczv

26 : sohdvhex2rAhploolrAudAgvzruwkrivkduhvdAgehfduhixoArwwrehvhhAe2wkhdxvwudoldAjryhuAphAwdAgsohdvhehyljlodAw

27 : tpiewify3sBiqmppmsBveBhwAsvxlsjwleviweBhfigevijypBsxxsfiwiiBf3xlieywxvepmeBkszivBqiBxeBhtpiewifizmkmpeBx

28 : uqjfxjgz4tCjrnqqntCwfCixBtwymtkxmfwjxfCigjhfwjkzqCtyytgjxjjCg4ymjfzxywfqnfCltAjwCrjCyfCiuqjfxjgjAnlnqfCy

29 : vrkgykhA5uDksorrouDxgDjyCuxznulyngxkygDjhkigxklArDuzzuhkykkDh5znkgAyzxgrogDmuBkxDskDzgDjvrkgykhkBomorgDz

30 : wslhzliB6vEltpsspvEyhEkzDvyAovmzohylzhEkiljhylmBsEvAAvilzllEi6AolhBzAyhsphEnvClyEtlEAhEkwslhzlilCpnpshEA

31 : xtmiAmjC7wFmuqttqwFziFlAEwzBpwnApizmAiFljmkizmnCtFwBBwjmAmmFj7BpmiCABzitqiFowDmzFumFBiFlxtmiAmjmDqoqtiFB

32 : yunjBnkD8xGnvruurxGAjGmBFxACqxoBqjAnBjGmknljAnoDuGxCCxknBnnGk8CqnjDBCAjurjGpxEnAGvnGCjGmyunjBnknErprujGC

33 : zvokColE9yHowsvvsyHBkHnCGyBDrypCrkBoCkHnlomkBopEvHyDDyloCooHl9DrokECDBkvskHqyFoBHwoHDkHnzvokColoFsqsvkHD

34 : AwplDpmF0zIpxtwwtzIClIoDHzCEszqDslCpDlIompnlCpqFwIzEEzmpDppIm0EsplFDEClwtlIrzGpCIxpIElIoAwplDpmpGtrtwlIE

35 : BxqmEqnGaAJqyuxxuAJDmJpEIADFtArEtmDqEmJpnqomDqrGxJAFFAnqEqqJnaFtqmGEFDmxumJsAHqDJyqJFmJpBxqmEqnqHusuxmJF

36 : CyrnFroHbBKrzvyyvBKEnKqFJBEGuBsFunErFnKqorpnErsHyKBGGBorFrrKobGurnHFGEnyvnKtBIrEKzrKGnKqCyrnFrorIvtvynKG

37 : DzsoGspIcCLsAwzzwCLFoLrGKCFHvCtGvoFsGoLrpsqoFstIzLCHHCpsGssLpcHvsoIGHFozwoLuCJsFLAsLHoLrDzsoGspsJwuwzoLH

38 : EAtpHtqJdDMtBxAAxDMGpMsHLDGIwDuHwpGtHpMsqtrpGtuJAMDIIDqtHttMqdIwtpJHIGpAxpMvDKtGMBtMIpMsEAtpHtqtKxvxApMI

39 : FBuqIurKeENuCyBByENHqNtIMEHJxEvIxqHuIqNtrusqHuvKBNEJJEruIuuNreJxuqKIJHqByqNwELuHNCuNJqNtFBuqIuruLywyBqNJ

40 : GCvrJvsLfFOvDzCCzFOIrOuJNFIKyFwJyrIvJrOusvtrIvwLCOFKKFsvJvvOsfKyvrLJKIrCzrOxFMvIODvOKrOuGCvrJvsvMzxzCrOK

41 : HDwsKwtMgGPwEADDAGPJsPvKOGJLzGxKzsJwKsPvtwusJwxMDPGLLGtwKwwPtgLzwsMKLJsDAsPyGNwJPEwPLsPvHDwsKwtwNAyADsPL

42 : IExtLxuNhHQxFBEEBHQKtQwLPHKMAHyLAtKxLtQwuxvtKxyNEQHMMHuxLxxQuhMAxtNLMKtEBtQzHOxKQFxQMtQwIExtLxuxOBzBEtQM

43 : JFyuMyvOiIRyGCFFCIRLuRxMQILNBIzMBuLyMuRxvywuLyzOFRINNIvyMyyRviNByuOMNLuFCuRAIPyLRGyRNuRxJFyuMyvyPCACFuRN

44 : KGzvNzwPjJSzHDGGDJSMvSyNRJMOCJANCvMzNvSywzxvMzAPGSJOOJwzNzzSwjOCzvPNOMvGDvSBJQzMSHzSOvSyKGzvNzwzQDBDGvSO

45 : LHAwOAxQkKTAIEHHEKTNwTzOSKNPDKBODwNAOwTzxAywNABQHTKPPKxAOAATxkPDAwQOPNwHEwTCKRANTIATPwTzLHAwOAxARECEHwTP

46 : MIBxPByRlLUBJFIIFLUOxUAPTLOQELCPExOBPxUAyBzxOBCRIULQQLyBPBBUylQEBxRPQOxIFxUDLSBOUJBUQxUAMIBxPByBSFDFIxUQ

47 : NJCyQCzSmMVCKGJJGMVPyVBQUMPRFMDQFyPCQyVBzCAyPCDSJVMRRMzCQCCVzmRFCySQRPyJGyVEMTCPVKCVRyVBNJCyQCzCTGEGJyVR

48 : OKDzRDATnNWDLHKKHNWQzWCRVNQSGNERGzQDRzWCADBzQDETKWNSSNADRDDWAnSGDzTRSQzKHzWFNUDQWLDWSzWCOKDzRDADUHFHKzWS

49 : PLEASEBUoOXEMILLIOXRAXDSWORTHOFSHARESAXDBECAREFULXOTTOBESEEXBoTHEAUSTRALIAXGOVERXMEXTAXDPLEASEBEVIGILAXT

50 : QMFBTFCVpPYFNJMMJPYSBYETXPSUIPGTIBSFTBYECFDBSFGVMYPUUPCFTFFYCpUIFBVTUSBMJBYHPWFSYNFYUBYEQMFBTFCFWJHJMBYU

51 : RNGCUGDWqQZGOKNNKQZTCZFUYQTVJQHUJCTGUCZFDGECTGHWNZQVVQDGUGGZDqVJGCWUVTCNKCZIQXGTZOGZVCZFRNGCUGDGXKIKNCZV

52 : SOHDVHEXrR1HPLOOLR1UD1GVZRUWKRIVKDUHVD1GEHFDUHIXO1RWWREHVHH1ErWKHDXVWUDOLD1JRYHU1PH1WD1GSOHDVHEHYLJLOD1W

53 : TPIEWIFYsS2IQMPPMS2VE2HW1SVXLSJWLEVIWE2HFIGEVIJYP2SXXSFIWII2FsXLIEYWXVEPME2KSZIV2QI2XE2HTPIEWIFIZMKMPE2X

54 : UQJFXJGZtT3JRNQQNT3WF3IX2TWYMTKXMFWJXF3IGJHFWJKZQ3TYYTGJXJJ3GtYMJFZXYWFQNF3LT1JW3RJ3YF3IUQJFXJGJ1NLNQF3Y

55 : VRKGYKH1uU4KSORROU4XG4JY3UXZNULYNGXKYG4JHKIGXKL1R4UZZUHKYKK4HuZNKG1YZXGROG4MU2KX4SK4ZG4JVRKGYKHK2OMORG4Z

56 : WSLHZLI2vV5LTPSSPV5YH5KZ4VY1OVMZOHYLZH5KILJHYLM2S5V11VILZLL5Iv1OLH2Z1YHSPH5NV3LY5TL51H5KWSLHZLIL3PNPSH51

57 : XTMI1MJ3wW6MUQTTQW6ZI6L15WZ2PWN1PIZM1I6LJMKIZMN3T6W22WJM1MM6Jw2PMI312ZITQI6OW4MZ6UM62I6LXTMI1MJM4QOQTI62

58 : YUNJ2NK4xX7NVRUURX71J7M26X13QXO2QJ1N2J7MKNLJ1NO4U7X33XKN2NN7Kx3QNJ4231JURJ7PX5N17VN73J7MYUNJ2NKN5RPRUJ73

59 : ZVOK3OL5yY8OWSVVSY82K8N37Y24RYP3RK2O3K8NLOMK2OP5V8Y44YLO3OO8Ly4ROK5342KVSK8QY6O28WO84K8NZVOK3OLO6SQSVK84

60 : 1WPL4PM6zZ9PXTWWTZ93L9O48Z35SZQ4SL3P4L9OMPNL3PQ6W9Z55ZMP4PP9Mz5SPL6453LWTL9RZ7P39XP95L9O1WPL4PMP7TRTWL95

61 : 1WPL4PM6zZ9PXTWWTZ93L9O48Z35SZQ4SL3P4L9OMPNL3PQ6W9Z55ZMP4PP9Mz5SPL6453LWTL9RZ7P39XP95L9O1WPL4PMP7TRTWL95

62 : ZVOK3OL5yY8OWSVVSY82K8N37Y24RYP3RK2O3K8NLOMK2OP5V8Y44YLO3OO8Ly4ROK5342KVSK8QY6O28WO84K8NZVOK3OLO6SQSVK84

63 : YUNJ2NK4xX7NVRUURX71J7M26X13QXO2QJ1N2J7MKNLJ1NO4U7X33XKN2NN7Kx3QNJ4231JURJ7PX5N17VN73J7MYUNJ2NKN5RPRUJ73

64 : XTMI1MJ3wW6MUQTTQW6ZI6L15WZ2PWN1PIZM1I6LJMKIZMN3T6W22WJM1MM6Jw2PMI312ZITQI6OW4MZ6UM62I6LXTMI1MJM4QOQTI62

65 : WSLHZLI2vV5LTPSSPV5YH5KZ4VY1OVMZOHYLZH5KILJHYLM2S5V11VILZLL5Iv1OLH2Z1YHSPH5NV3LY5TL51H5KWSLHZLIL3PNPSH51

66 : VRKGYKH1uU4KSORROU4XG4JY3UXZNULYNGXKYG4JHKIGXKL1R4UZZUHKYKK4HuZNKG1YZXGROG4MU2KX4SK4ZG4JVRKGYKHK2OMORG4Z

67 : UQJFXJGZtT3JRNQQNT3WF3IX2TWYMTKXMFWJXF3IGJHFWJKZQ3TYYTGJXJJ3GtYMJFZXYWFQNF3LT1JW3RJ3YF3IUQJFXJGJ1NLNQF3Y

68 : TPIEWIFYsS2IQMPPMS2VE2HW1SVXLSJWLEVIWE2HFIGEVIJYP2SXXSFIWII2FsXLIEYWXVEPME2KSZIV2QI2XE2HTPIEWIFIZMKMPE2X

69 : SOHDVHEXrR1HPLOOLR1UD1GVZRUWKRIVKDUHVD1GEHFDUHIXO1RWWREHVHH1ErWKHDXVWUDOLD1JRYHU1PH1WD1GSOHDVHEHYLJLOD1W

70 : RNGCUGDWqQZGOKNNKQZTCZFUYQTVJQHUJCTGUCZFDGECTGHWNZQVVQDGUGGZDqVJGCWUVTCNKCZIQXGTZOGZVCZFRNGCUGDGXKIKNCZV

71 : QMFBTFCVpPYFNJMMJPYSBYETXPSUIPGTIBSFTBYECFDBSFGVMYPUUPCFTFFYCpUIFBVTUSBMJBYHPWFSYNFYUBYEQMFBTFCFWJHJMBYU

72 : PLEASEBUoOXEMILLIOXRAXDSWORTHOFSHARESAXDBECAREFULXOTTOBESEEXBoTHEAUSTRALIAXGOVERXMEXTAXDPLEASEBEVIGILAXT

73 : OKDzRDATnNWDLHKKHNWQzWCRVNQSGNERGzQDRzWCADBzQDETKWNSSNADRDDWAnSGDzTRSQzKHzWFNUDQWLDWSzWCOKDzRDADUHFHKzWS

74 : NJCyQCzSmMVCKGJJGMVPyVBQUMPRFMDQFyPCQyVBzCAyPCDSJVMRRMzCQCCVzmRFCySQRPyJGyVEMTCPVKCVRyVBNJCyQCzCTGEGJyVR

75 : MIBxPByRlLUBJFIIFLUOxUAPTLOQELCPExOBPxUAyBzxOBCRIULQQLyBPBBUylQEBxRPQOxIFxUDLSBOUJBUQxUAMIBxPByBSFDFIxUQ

76 : LHAwOAxQkKTAIEHHEKTNwTzOSKNPDKBODwNAOwTzxAywNABQHTKPPKxAOAATxkPDAwQOPNwHEwTCKRANTIATPwTzLHAwOAxARECEHwTP

77 : KGzvNzwPjJSzHDGGDJSMvSyNRJMOCJANCvMzNvSywzxvMzAPGSJOOJwzNzzSwjOCzvPNOMvGDvSBJQzMSHzSOvSyKGzvNzwzQDBDGvSO

78 : JFyuMyvOiIRyGCFFCIRLuRxMQILNBIzMBuLyMuRxvywuLyzOFRINNIvyMyyRviNByuOMNLuFCuRAIPyLRGyRNuRxJFyuMyvyPCACFuRN

79 : IExtLxuNhHQxFBEEBHQKtQwLPHKMAHyLAtKxLtQwuxvtKxyNEQHMMHuxLxxQuhMAxtNLMKtEBtQzHOxKQFxQMtQwIExtLxuxOBzBEtQM

80 : HDwsKwtMgGPwEADDAGPJsPvKOGJLzGxKzsJwKsPvtwusJwxMDPGLLGtwKwwPtgLzwsMKLJsDAsPyGNwJPEwPLsPvHDwsKwtwNAyADsPL

81 : GCvrJvsLfFOvDzCCzFOIrOuJNFIKyFwJyrIvJrOusvtrIvwLCOFKKFsvJvvOsfKyvrLJKIrCzrOxFMvIODvOKrOuGCvrJvsvMzxzCrOK

82 : FBuqIurKeENuCyBByENHqNtIMEHJxEvIxqHuIqNtrusqHuvKBNEJJEruIuuNreJxuqKIJHqByqNwELuHNCuNJqNtFBuqIuruLywyBqNJ

83 : EAtpHtqJdDMtBxAAxDMGpMsHLDGIwDuHwpGtHpMsqtrpGtuJAMDIIDqtHttMqdIwtpJHIGpAxpMvDKtGMBtMIpMsEAtpHtqtKxvxApMI

84 : DzsoGspIcCLsAwzzwCLFoLrGKCFHvCtGvoFsGoLrpsqoFstIzLCHHCpsGssLpcHvsoIGHFozwoLuCJsFLAsLHoLrDzsoGspsJwuwzoLH

85 : CyrnFroHbBKrzvyyvBKEnKqFJBEGuBsFunErFnKqorpnErsHyKBGGBorFrrKobGurnHFGEnyvnKtBIrEKzrKGnKqCyrnFrorIvtvynKG

86 : BxqmEqnGaAJqyuxxuAJDmJpEIADFtArEtmDqEmJpnqomDqrGxJAFFAnqEqqJnaFtqmGEFDmxumJsAHqDJyqJFmJpBxqmEqnqHusuxmJF

87 : AwplDpmF0zIpxtwwtzIClIoDHzCEszqDslCpDlIompnlCpqFwIzEEzmpDppIm0EsplFDEClwtlIrzGpCIxpIElIoAwplDpmpGtrtwlIE

88 : zvokColE9yHowsvvsyHBkHnCGyBDrypCrkBoCkHnlomkBopEvHyDDyloCooHl9DrokECDBkvskHqyFoBHwoHDkHnzvokColoFsqsvkHD

89 : yunjBnkD8xGnvruurxGAjGmBFxACqxoBqjAnBjGmknljAnoDuGxCCxknBnnGk8CqnjDBCAjurjGpxEnAGvnGCjGmyunjBnknErprujGC

90 : xtmiAmjC7wFmuqttqwFziFlAEwzBpwnApizmAiFljmkizmnCtFwBBwjmAmmFj7BpmiCABzitqiFowDmzFumFBiFlxtmiAmjmDqoqtiFB

91 : wslhzliB6vEltpsspvEyhEkzDvyAovmzohylzhEkiljhylmBsEvAAvilzllEi6AolhBzAyhsphEnvClyEtlEAhEkwslhzlilCpnpshEA

92 : vrkgykhA5uDksorrouDxgDjyCuxznulyngxkygDjhkigxklArDuzzuhkykkDh5znkgAyzxgrogDmuBkxDskDzgDjvrkgykhkBomorgDz

93 : uqjfxjgz4tCjrnqqntCwfCixBtwymtkxmfwjxfCigjhfwjkzqCtyytgjxjjCg4ymjfzxywfqnfCltAjwCrjCyfCiuqjfxjgjAnlnqfCy

94 : tpiewify3sBiqmppmsBveBhwAsvxlsjwleviweBhfigevijypBsxxsfiwiiBf3xlieywxvepmeBkszivBqiBxeBhtpiewifizmkmpeBx

95 : sohdvhex2rAhploolrAudAgvzruwkrivkduhvdAgehfduhixoArwwrehvhhAe2wkhdxvwudoldAjryhuAphAwdAgsohdvhehyljlodAw

96 : rngcugdw1qzgoknnkqztczfuyqtvjqhujctguczfdgectghwnzqvvqdguggzd1vjgcwuvtcnkcziqxgtzogzvczfrngcugdgxkiknczv

97 : qmfbtfcvZpyfnjmmjpysbyetxpsuipgtibsftbyecfdbsfgvmypuupcftffycZuifbvtusbmjbyhpwfsynfyubyeqmfbtfcfwjhjmbyu

98 : pleasebuYoxemillioxraxdsworthofsharesaxdbecarefulxottobeseexbYtheaustraliaxgoverxmextaxdpleasebevigilaxt

99 : okd0rdatXnwdlhkkhnwq0wcrvnqsgnerg0qdr0wcadb0qdetkwnssnadrddwaXsgd0trsq0kh0wfnudqwldws0wcokd0rdaduhfhk0ws

100 : njc9qc0sWmvckgjjgmvp9vbqumprfmdqf9pcq9vb0ca9pcdsjvmrrm0cqccv0Wrfc9sqrp9jg9vemtcpvkcvr9vbnjc9qc0ctgegj9vr

101 : mib8pb9rVlubjfiifluo8uaptloqelcpe8obp8ua9b08obcriulqql9bpbbu9Vqeb8rpqo8if8udlsboujbuq8uamib8pb9bsfdfi8uq

102 : lha7oa8qUktaiehhektn7t0osknpdkbod7nao7t08a97nabqhtkppk8aoaat8Upda7qopn7he7tckrantiatp7t0lha7oa8areceh7tp

103 : kg06n07pTjs0hdggdjsm6s9nrjmocjanc6m0n6s97086m0apgsjooj70n00s7Toc06pnom6gd6sbjq0msh0so6s9kg06n070qdbdg6so

104 : jf95m96oSir9gcffcirl5r8mqilnbi0mb5l9m5r86975l90ofrinni69m99r6Snb95omnl5fc5raip9lrg9rn5r8jf95m969pcacf5rn

105 : ie84l85nRhq8fbeebhqk4q7lphkmah9la4k8l4q75864k89neqhmmh58l88q5Rma84nlmk4eb4q0ho8kqf8qm4q7ie84l858ob0be4qm

106 : hd73k74mQgp7eaddagpj3p6kogjl0g8k03j7k3p64753j78mdpgllg47k77p4Ql073mklj3da3p9gn7jpe7pl3p6hd73k747na9ad3pl

107 : gc62j63lPfo6d0cc0foi2o5jnfik9f7j92i6j2o53642i67lcofkkf36j66o3Pk962ljki2c02o8fm6iod6ok2o5gc62j636m080c2ok

108 : fb51i52kOen5c9bb9enh1n4imehj8e6i81h5i1n42531h56kbnejje25i55n2Oj851kijh1b91n7el5hnc5nj1n4fb51i525l979b1nj

109 : ea4Zh41jNdm4b8aa8dmgZm3hldgi7d5h7Zg4hZm3142Zg45jamdiid14h44m1Ni74ZjhigZa8Zm6dk4gmb4miZm3ea4Zh414k868aZmi

110 : d03Yg3ZiMcl3a7007clfYl2gkcfh6c4g6Yf3gYl2Z31Yf34i0lchhcZ3g33lZMh63YighfY07Yl5cj3fla3lhYl2d03Yg3Z3j7570Ylh

111 : c92Xf2YhLbk206996bkeXk1fjbeg5b3f5Xe2fXk1Y2ZXe23h9kbggbY2f22kYLg52XhfgeX96Xk4bi2ek02kgXk1c92Xf2Y2i6469Xkg

112 : b81We1XgKaj195885ajdWjZeiadf4a2e4Wd1eWjZX1YWd12g8jaffaX1e11jXKf41WgefdW85Wj3ah1dj91jfWjZb81We1X1h5358Wjf

113 : a7ZVdZWfJ0iZ847740icViYdh0ce301d3VcZdViYWZXVcZ1f7i0ee0WZdZZiWJe3ZVfdecV74Vi20gZci8ZieViYa7ZVdZWZg4247Vie

114 : 06YUcYVeI9hY736639hbUhXcg9bd29Zc2UbYcUhXVYWUbYZe6h9dd9VYcYYhVId2YUecdbU63Uh19fYbh7YhdUhX06YUcYVYf3136Uhd

115 : 95XTbXUdH8gX625528gaTgWbf8ac18Yb1TaXbTgWUXVTaXYd5g8cc8UXbXXgUHc1XTdbcaT52TgZ8eXag6XgcTgW95XTbXUXe2Z25Tgc

116 : 84WSaWTcG7fW514417f0SfVae70bZ7XaZS0WaSfVTWUS0WXc4f7bb7TWaWWfTGbZWScab0S41SfY7dW0f5WfbSfV84WSaWTWd1Y14Sfb

117 : 73VR0VSbF6eV4Z33Z6e9ReU0d69aY6W0YR9V0ReUSVTR9VWb3e6aa6SV0VVeSFaYVRb0a9R3ZReX6cV9e4VeaReU73VR0VSVcZXZ3Rea

118 : 62UQ9URaE5dU3Y22Y5d8QdT9c580X5V9XQ8U9QdTRUSQ8UVa2d5005RU9UUdRE0XUQa908Q2YQdW5bU8d3Ud0QdT62UQ9URUbYWY2Qd0

119 : 51TP8TQ0D4cT2X11X4c7PcS8b479W4U8WP7T8PcSQTRP7TU01c4994QT8TTcQD9WTP0897P1XPcV4aT7c2Tc9PcS51TP8TQTaXVX1Pc9

120 : 4ZSO7SP9C3bS1WZZW3b6ObR7a368V3T7VO6S7ObRPSQO6ST9Zb3883PS7SSbPC8VSO9786OZWObU30S6b1Sb8ObR4ZSO7SPS0WUWZOb8

121 : 3YRN6RO8B2aRZVYYV2a5NaQ60257U2S6UN5R6NaQORPN5RS8Ya2772OR6RRaOB7URN8675NYVNaT29R5aZRa7NaQ3YRN6ROR9VTVYNa7

122 : 3YRN6RO8B2ARZVYYV2A5NAQ60257U2S6UN5R6NAQORPN5RS8YA2772OR6RRAOB7URN8675NYVNAT29R5AZRA7NAQ3YRN6ROR9VTVYNA7

123 : 4ZSO7SP9C3BSaWZZW3B6OBR7A368V3T7VO6S7OBRPSQO6ST9ZB3883PS7SSBPC8VSO9786OZWOBU30S6BaSB8OBR4ZSO7SPS0WUWZOB8

124 : 5aTP8TQ0D4CTbXaaX4C7PCS8B479W4U8WP7T8PCSQTRP7TU0aC4994QT8TTCQD9WTP0897PaXPCV4AT7CbTC9PCS5aTP8TQTAXVXaPC9

125 : 6bUQ9URAE5DUcYbbY5D8QDT9C580X5V9XQ8U9QDTRUSQ8UVAbD5005RU9UUDRE0XUQA908QbYQDW5BU8DcUD0QDT6bUQ9URUBYWYbQD0

126 : 7cVR0VSBF6EVdZccZ6E9REU0D69AY6W0YR9V0REUSVTR9VWBcE6AA6SV0VVESFAYVRB0A9RcZREX6CV9EdVEAREU7cVR0VSVCZXZcREA

127 : 8dWSAWTCG7FWeadda7F0SFVAE70BZ7XAZS0WASFVTWUS0WXCdF7BB7TWAWWFTGBZWSCAB0SdaSFY7DW0FeWFBSFV8dWSAWTWDaYadSFB

128 : 9eXTBXUDH8GXfbeeb8GATGWBF8ACa8YBaTAXBTGWUXVTAXYDeG8CC8UXBXXGUHCaXTDBCATebTGZ8EXAGfXGCTGW9eXTBXUXEbZbeTGC

129 : 0fYUCYVEI9HYgcffc9HBUHXCG9BDb9ZCbUBYCUHXVYWUBYZEfH9DD9VYCYYHVIDbYUECDBUfcUHa9FYBHgYHDUHX0fYUCYVYFcacfUHD

130 : AgZVDZWFJ0IZhdggd0ICVIYDH0CEc0aDcVCZDVIYWZXVCZaFgI0EE0WZDZZIWJEcZVFDECVgdVIb0GZCIhZIEVIYAgZVDZWZGdbdgVIE

131 : BhaWEaXGKAJaiehheAJDWJZEIADFdAbEdWDaEWJZXaYWDabGhJAFFAXaEaaJXKFdaWGEFDWheWJcAHaDJiaJFWJZBhaWEaXaHecehWJF

132 : CibXFbYHLBKbjfiifBKEXKaFJBEGeBcFeXEbFXKaYbZXEbcHiKBGGBYbFbbKYLGebXHFGEXifXKdBIbEKjbKGXKaCibXFbYbIfdfiXKG

133 : DjcYGcZIMCLckgjjgCLFYLbGKCFHfCdGfYFcGYLbZcaYFcdIjLCHHCZcGccLZMHfcYIGHFYjgYLeCJcFLkcLHYLbDjcYGcZcJgegjYLH

134 : EkdZHdaJNDMdlhkkhDMGZMcHLDGIgDeHgZGdHZMcadbZGdeJkMDIIDadHddMaNIgdZJHIGZkhZMfDKdGMldMIZMcEkdZHdadKhfhkZMI

135 : FleaIebKOENemilliENHaNdIMEHJhEfIhaHeIaNdbecaHefKlNEJJEbeIeeNbOJheaKIJHaliaNgELeHNmeNJaNdFleaIebeLigilaNJ

136 : GmfbJfcLPFOfnjmmjFOIbOeJNFIKiFgJibIfJbOecfdbIfgLmOFKKFcfJffOcPKifbLJKIbmjbOhFMfIOnfOKbOeGmfbJfcfMjhjmbOK

137 : HngcKgdMQGPgoknnkGPJcPfKOGJLjGhKjcJgKcPfdgecJghMnPGLLGdgKggPdQLjgcMKLJcnkcPiGNgJPogPLcPfHngcKgdgNkikncPL

138 : IohdLheNRHQhploolHQKdQgLPHKMkHiLkdKhLdQgehfdKhiNoQHMMHehLhhQeRMkhdNLMKdoldQjHOhKQphQMdQgIohdLhehOljlodQM

139 : JpieMifOSIRiqmppmIRLeRhMQILNlIjMleLiMeRhfigeLijOpRINNIfiMiiRfSNlieOMNLepmeRkIPiLRqiRNeRhJpieMifiPmkmpeRN

140 : KqjfNjgPTJSjrnqqnJSMfSiNRJMOmJkNmfMjNfSigjhfMjkPqSJOOJgjNjjSgTOmjfPNOMfqnfSlJQjMSrjSOfSiKqjfNjgjQnlnqfSO

141 : LrkgOkhQUKTksorroKTNgTjOSKNPnKlOngNkOgTjhkigNklQrTKPPKhkOkkThUPnkgQOPNgrogTmKRkNTskTPgTjLrkgOkhkRomorgTP

142 : MslhPliRVLUltpsspLUOhUkPTLOQoLmPohOlPhUkiljhOlmRsULQQLilPllUiVQolhRPQOhsphUnLSlOUtlUQhUkMslhPlilSpnpshUQ

143 : NtmiQmjSWMVmuqttqMVPiVlQUMPRpMnQpiPmQiVljmkiPmnStVMRRMjmQmmVjWRpmiSQRPitqiVoMTmPVumVRiVlNtmiQmjmTqoqtiVR

144 : OunjRnkTXNWnvruurNWQjWmRVNQSqNoRqjQnRjWmknljQnoTuWNSSNknRnnWkXSqnjTRSQjurjWpNUnQWvnWSjWmOunjRnknUrprujWS

145 : PvokSolUYOXowsvvsOXRkXnSWORTrOpSrkRoSkXnlomkRopUvXOTTOloSooXlYTrokUSTRkvskXqOVoRXwoXTkXnPvokSoloVsqsvkXT

146 : QwplTpmVZPYpxtwwtPYSlYoTXPSUsPqTslSpTlYompnlSpqVwYPUUPmpTppYmZUsplVTUSlwtlYrPWpSYxpYUlYoQwplTpmpWtrtwlYU

147 : RxqmUqnWaQZqyuxxuQZTmZpUYQTVtQrUtmTqUmZpnqomTqrWxZQVVQnqUqqZnaVtqmWUVTmxumZsQXqTZyqZVmZpRxqmUqnqXusuxmZV

148 : SyrnVroXbRarzvyyvRaUnaqVZRUWuRsVunUrVnaqorpnUrsXyaRWWRorVrraobWurnXVWUnyvnatRYrUazraWnaqSyrnVrorYvtvynaW

149 : TzsoWspYcSbs1wzzwSbVobrWaSVXvStWvoVsWobrpsqoVstYzbSXXSpsWssbpcXvsoYWXVozwobuSZsVb1sbXobrTzsoWspsZwuwzobX

150 : U1tpXtqZdTct2x11xTcWpcsXbTWYwTuXwpWtXpcsqtrpWtuZ1cTYYTqtXttcqdYwtpZXYWp1xpcvTatWc2tcYpcsU1tpXtqtaxvx1pcY

151 : V2uqYuraeUdu3y22yUdXqdtYcUXZxUvYxqXuYqdtrusqXuva2dUZZUruYuudreZxuqaYZXq2yqdwUbuXd3udZqdtV2uqYurubywy2qdZ

152 : W3vrZvsbfVev4z33zVeYreuZdVYayVwZyrYvZreusvtrYvwb3eVaaVsvZvvesfayvrbZaYr3zrexVcvYe4veareuW3vrZvsvczxz3rea

153 : X4wsawtcgWfw51441WfZsfvaeWZbzWxazsZwasfvtwusZwxc4fWbbWtwawwftgbzwscabZs41sfyWdwZf5wfbsfvX4wsawtwd1y14sfb

154 : Y5xtbxudhXgx62552XgatgwbfXac1Xyb1taxbtgwuxvtaxyd5gXccXuxbxxguhc1xtdbcat52tgzXexag6xgctgwY5xtbxuxe2z25tgc

155 : Z6yucyveiYhy73663YhbuhxcgYbd2Yzc2ubycuhxvywubyze6hYddYvycyyhvid2yuecdbu63uh1Yfybh7yhduhxZ6yucyvyf3136uhd

156 : a7zvdzwfjZiz84774ZicviydhZce3Z1d3vczdviywzxvcz1f7iZeeZwzdzziwje3zvfdecv74vi2Zgzci8zieviya7zvdzwzg4247vie

157 : b81we1xgkaj195885ajdwjzeiadf4a2e4wd1ewjzx1ywd12g8jaffax1e11jxkf41wgefdw85wj3ah1dj91jfwjzb81we1x1h5358wjf

158 : c92xf2yhlbk206996bkexk1fjbeg5b3f5xe2fxk1y2zxe23h9kbggby2f22kylg52xhfgex96xk4bi2ek02kgxk1c92xf2y2i6469xkg

159 : d03yg3zimcl3A7007clfyl2gkcfh6c4g6yf3gyl2z31yf34i0lchhcz3g33lzmh63yighfy07yl5cj3flA3lhyl2d03yg3z3j7570ylh

160 : eA4zh41jndm4B8AA8dmgzm3hldgi7d5h7zg4hzm3142zg45jAmdiid14h44m1ni74zjhigzA8zm6dk4gmB4mizm3eA4zh414k868Azmi

161 : fB51i52koen5C9BB9enh1n4imehj8e6i81h5i1n42531h56kBnejje25i55n2oj851kijh1B91n7el5hnC5nj1n4fB51i525l979B1nj

162 : gC62j63lpfo6D0CC0foi2o5jnfik9f7j92i6j2o53642i67lCofkkf36j66o3pk962ljki2C02o8fm6ioD6ok2o5gC62j636m080C2ok

163 : hD73k74mqgp7EADDAgpj3p6kogjl0g8k03j7k3p64753j78mDpgllg47k77p4ql073mklj3DA3p9gn7jpE7pl3p6hD73k747nA9AD3pl

164 : iE84l85nrhq8FBEEBhqk4q7lphkmAh9lA4k8l4q75864k89nEqhmmh58l88q5rmA84nlmk4EB4q0ho8kqF8qm4q7iE84l858oB0BE4qm

165 : jF95m96osir9GCFFCirl5r8mqilnBi0mB5l9m5r86975l90oFrinni69m99r6snB95omnl5FC5rAip9lrG9rn5r8jF95m969pCACF5rn

166 : kG06n07ptjs0HDGGDjsm6s9nrjmoCjAnC6m0n6s97086m0ApGsjooj70n00s7toC06pnom6GD6sBjq0msH0so6s9kG06n070qDBDG6so

167 : lHA7oA8quktAIEHHEktn7t0osknpDkBoD7nAo7t08A97nABqHtkppk8AoAAt8upDA7qopn7HE7tCkrAntIAtp7t0lHA7oA8ArECEH7tp

168 : mIB8pB9rvluBJFIIFluo8uAptloqElCpE8oBp8uA9B08oBCrIulqql9BpBBu9vqEB8rpqo8IF8uDlsBouJBuq8uAmIB8pB9BsFDFI8uq

169 : nJC9qC0swmvCKGJJGmvp9vBqumprFmDqF9pCq9vB0CA9pCDsJvmrrm0CqCCv0wrFC9sqrp9JG9vEmtCpvKCvr9vBnJC9qC0CtGEGJ9vr

170 : oKD0rDAtxnwDLHKKHnwq0wCrvnqsGnErG0qDr0wCADB0qDEtKwnssnADrDDwAxsGD0trsq0KH0wFnuDqwLDws0wCoKD0rDADuHFHK0ws

171 : pLEAsEBuyoxEMILLIoxrAxDswortHoFsHArEsAxDBECArEFuLxottoBEsEExBytHEAustrALIAxGovErxMExtAxDpLEAsEBEvIGILAxt

172 : qMFBtFCvzpyFNJMMJpysByEtxpsuIpGtIBsFtByECFDBsFGvMypuupCFtFFyCzuIFBvtusBMJByHpwFsyNFyuByEqMFBtFCFwJHJMByu

173 : rNGCuGDw1qzGOKNNKqztCzFuyqtvJqHuJCtGuCzFDGECtGHwNzqvvqDGuGGzD1vJGCwuvtCNKCzIqxGtzOGzvCzFrNGCuGDGxKIKNCzv

174 : sOHDvHEx2r1HPLOOLr1uD1GvzruwKrIvKDuHvD1GEHFDuHIxO1rwwrEHvHH1E2wKHDxvwuDOLD1JryHu1PH1wD1GsOHDvHEHyLJLOD1w

175 : tPIEwIFy3s2IQMPPMs2vE2Hw1svxLsJwLEvIwE2HFIGEvIJyP2sxxsFIwII2F3xLIEywxvEPME2KszIv2QI2xE2HtPIEwIFIzMKMPE2x

176 : uQJFxJGz4t3JRNQQNt3wF3Ix2twyMtKxMFwJxF3IGJHFwJKzQ3tyytGJxJJ3G4yMJFzxywFQNF3Lt1Jw3RJ3yF3IuQJFxJGJ1NLNQF3y

177 : vRKGyKH15u4KSORROu4xG4Jy3uxzNuLyNGxKyG4JHKIGxKL1R4uzzuHKyKK4H5zNKG1yzxGROG4Mu2Kx4SK4zG4JvRKGyKHK2OMORG4z

178 : wSLHzLI26v5LTPSSPv5yH5Kz4vy1OvMzOHyLzH5KILJHyLM2S5v11vILzLL5I61OLH2z1yHSPH5Nv3Ly5TL51H5KwSLHzLIL3PNPSH51

179 : xTMI1MJ37w6MUQTTQw6zI6L15wz2PwN1PIzM1I6LJMKIzMN3T6w22wJM1MM6J72PMI312zITQI6Ow4Mz6UM62I6LxTMI1MJM4QOQTI62

180 : yUNJ2NK48x7NVRUURx71J7M26x13QxO2QJ1N2J7MKNLJ1NO4U7x33xKN2NN7K83QNJ4231JURJ7Px5N17VN73J7MyUNJ2NKN5RPRUJ73

181 : zVOK3OL59y8OWSVVSy82K8N37y24RyP3RK2O3K8NLOMK2OP5V8y44yLO3OO8L94ROK5342KVSK8Qy6O28WO84K8NzVOK3OLO6SQSVK84

182 : 1WPL4PM60z9PXTWWTz93L9O48z35SzQ4SL3P4L9OMPNL3PQ6W9z55zMP4PP9M05SPL6453LWTL9Rz7P39XP95L9O1WPL4PMP7TRTWL95

183 : 1WPL4PM60z9PXTWWTz93L9O48z35SzQ4SL3P4L9OMPNL3PQ6W9z55zMP4PP9M05SPL6453LWTL9Rz7P39XP95L9O1WPL4PMP7TRTWL95

184 : zVOK3OL59y8OWSVVSy82K8N37y24RyP3RK2O3K8NLOMK2OP5V8y44yLO3OO8L94ROK5342KVSK8Qy6O28WO84K8NzVOK3OLO6SQSVK84

185 : yUNJ2NK48x7NVRUURx71J7M26x13QxO2QJ1N2J7MKNLJ1NO4U7x33xKN2NN7K83QNJ4231JURJ7Px5N17VN73J7MyUNJ2NKN5RPRUJ73

186 : xTMI1MJ37w6MUQTTQw6zI6L15wz2PwN1PIzM1I6LJMKIzMN3T6w22wJM1MM6J72PMI312zITQI6Ow4Mz6UM62I6LxTMI1MJM4QOQTI62

187 : wSLHzLI26v5LTPSSPv5yH5Kz4vy1OvMzOHyLzH5KILJHyLM2S5v11vILzLL5I61OLH2z1yHSPH5Nv3Ly5TL51H5KwSLHzLIL3PNPSH51

188 : vRKGyKH15u4KSORROu4xG4Jy3uxzNuLyNGxKyG4JHKIGxKL1R4uzzuHKyKK4H5zNKG1yzxGROG4Mu2Kx4SK4zG4JvRKGyKHK2OMORG4z

189 : uQJFxJGz4t3JRNQQNt3wF3Ix2twyMtKxMFwJxF3IGJHFwJKzQ3tyytGJxJJ3G4yMJFzxywFQNF3Lt1Jw3RJ3yF3IuQJFxJGJ1NLNQF3y

190 : tPIEwIFy3s2IQMPPMs2vE2Hw1svxLsJwLEvIwE2HFIGEvIJyP2sxxsFIwII2F3xLIEywxvEPME2KszIv2QI2xE2HtPIEwIFIzMKMPE2x

191 : sOHDvHEx2r1HPLOOLr1uD1GvzruwKrIvKDuHvD1GEHFDuHIxO1rwwrEHvHH1E2wKHDxvwuDOLD1JryHu1PH1wD1GsOHDvHEHyLJLOD1w

192 : rNGCuGDw1qzGOKNNKqztCzFuyqtvJqHuJCtGuCzFDGECtGHwNzqvvqDGuGGzD1vJGCwuvtCNKCzIqxGtzOGzvCzFrNGCuGDGxKIKNCzv

193 : qMFBtFCvzpyFNJMMJpysByEtxpsuIpGtIBsFtByECFDBsFGvMypuupCFtFFyCzuIFBvtusBMJByHpwFsyNFyuByEqMFBtFCFwJHJMByu

194 : pLEAsEBuyoxEMILLIoxrAxDswortHoFsHArEsAxDBECArEFuLxottoBEsEExBytHEAustrALIAxGovErxMExtAxDpLEAsEBEvIGILAxt

195 : oKD0rDAtxnwDLHKKHnwq0wCrvnqsGnErG0qDr0wCADB0qDEtKwnssnADrDDwAxsGD0trsq0KH0wFnuDqwLDws0wCoKD0rDADuHFHK0ws

196 : nJC9qC0swmvCKGJJGmvp9vBqumprFmDqF9pCq9vB0CA9pCDsJvmrrm0CqCCv0wrFC9sqrp9JG9vEmtCpvKCvr9vBnJC9qC0CtGEGJ9vr

197 : mIB8pB9rvluBJFIIFluo8uAptloqElCpE8oBp8uA9B08oBCrIulqql9BpBBu9vqEB8rpqo8IF8uDlsBouJBuq8uAmIB8pB9BsFDFI8uq

198 : lHA7oA8quktAIEHHEktn7t0osknpDkBoD7nAo7t08A97nABqHtkppk8AoAAt8upDA7qopn7HE7tCkrAntIAtp7t0lHA7oA8ArECEH7tp

199 : kG06n07ptjs0HDGGDjsm6s9nrjmoCjAnC6m0n6s97086m0ApGsjooj70n00s7toC06pnom6GD6sBjq0msH0so6s9kG06n070qDBDG6so

200 : jF95m96osir9GCFFCirl5r8mqilnBi0mB5l9m5r86975l90oFrinni69m99r6snB95omnl5FC5rAip9lrG9rn5r8jF95m969pCACF5rn

201 : iE84l85nrhq8FBEEBhqk4q7lphkmAh9lA4k8l4q75864k89nEqhmmh58l88q5rmA84nlmk4EB4q0ho8kqF8qm4q7iE84l858oB0BE4qm

202 : hD73k74mqgp7EADDAgpj3p6kogjl0g8k03j7k3p64753j78mDpgllg47k77p4ql073mklj3DA3p9gn7jpE7pl3p6hD73k747nA9AD3pl

203 : gC62j63lpfo6D0CC0foi2o5jnfik9f7j92i6j2o53642i67lCofkkf36j66o3pk962ljki2C02o8fm6ioD6ok2o5gC62j636m080C2ok

204 : fB51i52koen5C9BB9enh1n4imehj8e6i81h5i1n42531h56kBnejje25i55n2oj851kijh1B91n7el5hnC5nj1n4fB51i525l979B1nj

205 : eA4zh41jndm4B8AA8dmgzm3hldgi7d5h7zg4hzm3142zg45jAmdiid14h44m1ni74zjhigzA8zm6dk4gmB4mizm3eA4zh414k868Azmi

206 : d03yg3zimcl3A7007clfyl2gkcfh6c4g6yf3gyl2z31yf34i0lchhcz3g33lzmh63yighfy07yl5cj3flA3lhyl2d03yg3z3j7570ylh

207 : c92xf2yhlbk206996bkexk1fjbeg5b3f5xe2fxk1y2zxe23h9kbggby2f22kylg52xhfgex96xk4bi2ek02kgxk1c92xf2y2i6469xkg

208 : b81we1xgkaj195885ajdwjzeiadf4a2e4wd1ewjzx1ywd12g8jaffax1e11jxkf41wgefdw85wj3ah1dj91jfwjzb81we1x1h5358wjf

209 : a7zvdzwfjZiz84774ZicviydhZce3Z1d3vczdviywzxvcz1f7iZeeZwzdzziwje3zvfdecv74vi2Zgzci8zieviya7zvdzwzg4247vie

210 : Z6yucyveiYhy73663YhbuhxcgYbd2Yzc2ubycuhxvywubyze6hYddYvycyyhvid2yuecdbu63uh1Yfybh7yhduhxZ6yucyvyf3136uhd

211 : Y5xtbxudhXgx62552XgatgwbfXac1Xyb1taxbtgwuxvtaxyd5gXccXuxbxxguhc1xtdbcat52tgzXexag6xgctgwY5xtbxuxe2z25tgc

212 : X4wsawtcgWfw51441WfZsfvaeWZbzWxazsZwasfvtwusZwxc4fWbbWtwawwftgbzwscabZs41sfyWdwZf5wfbsfvX4wsawtwd1y14sfb

213 : W3vrZvsbfVev4z33zVeYreuZdVYayVwZyrYvZreusvtrYvwb3eVaaVsvZvvesfayvrbZaYr3zrexVcvYe4veareuW3vrZvsvczxz3rea

214 : V2uqYuraeUdu3y22yUdXqdtYcUXZxUvYxqXuYqdtrusqXuva2dUZZUruYuudreZxuqaYZXq2yqdwUbuXd3udZqdtV2uqYurubywy2qdZ

215 : U1tpXtqZdTct2x11xTcWpcsXbTWYwTuXwpWtXpcsqtrpWtuZ1cTYYTqtXttcqdYwtpZXYWp1xpcvTatWc2tcYpcsU1tpXtqtaxvx1pcY

216 : TzsoWspYcSbs1wzzwSbVobrWaSVXvStWvoVsWobrpsqoVstYzbSXXSpsWssbpcXvsoYWXVozwobuSZsVb1sbXobrTzsoWspsZwuwzobX

217 : SyrnVroXbRarzvyyvRaUnaqVZRUWuRsVunUrVnaqorpnUrsXyaRWWRorVrraobWurnXVWUnyvnatRYrUazraWnaqSyrnVrorYvtvynaW

218 : RxqmUqnWaQZqyuxxuQZTmZpUYQTVtQrUtmTqUmZpnqomTqrWxZQVVQnqUqqZnaVtqmWUVTmxumZsQXqTZyqZVmZpRxqmUqnqXusuxmZV

219 : QwplTpmVZPYpxtwwtPYSlYoTXPSUsPqTslSpTlYompnlSpqVwYPUUPmpTppYmZUsplVTUSlwtlYrPWpSYxpYUlYoQwplTpmpWtrtwlYU

220 : PvokSolUYOXowsvvsOXRkXnSWORTrOpSrkRoSkXnlomkRopUvXOTTOloSooXlYTrokUSTRkvskXqOVoRXwoXTkXnPvokSoloVsqsvkXT

221 : OunjRnkTXNWnvruurNWQjWmRVNQSqNoRqjQnRjWmknljQnoTuWNSSNknRnnWkXSqnjTRSQjurjWpNUnQWvnWSjWmOunjRnknUrprujWS

222 : NtmiQmjSWMVmuqttqMVPiVlQUMPRpMnQpiPmQiVljmkiPmnStVMRRMjmQmmVjWRpmiSQRPitqiVoMTmPVumVRiVlNtmiQmjmTqoqtiVR

223 : MslhPliRVLUltpsspLUOhUkPTLOQoLmPohOlPhUkiljhOlmRsULQQLilPllUiVQolhRPQOhsphUnLSlOUtlUQhUkMslhPlilSpnpshUQ

224 : LrkgOkhQUKTksorroKTNgTjOSKNPnKlOngNkOgTjhkigNklQrTKPPKhkOkkThUPnkgQOPNgrogTmKRkNTskTPgTjLrkgOkhkRomorgTP

225 : KqjfNjgPTJSjrnqqnJSMfSiNRJMOmJkNmfMjNfSigjhfMjkPqSJOOJgjNjjSgTOmjfPNOMfqnfSlJQjMSrjSOfSiKqjfNjgjQnlnqfSO

226 : JpieMifOSIRiqmppmIRLeRhMQILNlIjMleLiMeRhfigeLijOpRINNIfiMiiRfSNlieOMNLepmeRkIPiLRqiRNeRhJpieMifiPmkmpeRN

227 : IohdLheNRHQhploolHQKdQgLPHKMkHiLkdKhLdQgehfdKhiNoQHMMHehLhhQeRMkhdNLMKdoldQjHOhKQphQMdQgIohdLhehOljlodQM

228 : HngcKgdMQGPgoknnkGPJcPfKOGJLjGhKjcJgKcPfdgecJghMnPGLLGdgKggPdQLjgcMKLJcnkcPiGNgJPogPLcPfHngcKgdgNkikncPL

229 : GmfbJfcLPFOfnjmmjFOIbOeJNFIKiFgJibIfJbOecfdbIfgLmOFKKFcfJffOcPKifbLJKIbmjbOhFMfIOnfOKbOeGmfbJfcfMjhjmbOK

230 : FleaIebKOENemilliENHaNdIMEHJhEfIhaHeIaNdbecaHefKlNEJJEbeIeeNbOJheaKIJHaliaNgELeHNmeNJaNdFleaIebeLigilaNJ

231 : EkdZHdaJNDMdlhkkhDMGZMcHLDGIgDeHgZGdHZMcadbZGdeJkMDIIDadHddMaNIgdZJHIGZkhZMfDKdGMldMIZMcEkdZHdadKhfhkZMI

232 : DjcYGcZIMCLckgjjgCLFYLbGKCFHfCdGfYFcGYLbZcaYFcdIjLCHHCZcGccLZMHfcYIGHFYjgYLeCJcFLkcLHYLbDjcYGcZcJgegjYLH

233 : CibXFbYHLBKbjfiifBKEXKaFJBEGeBcFeXEbFXKaYbZXEbcHiKBGGBYbFbbKYLGebXHFGEXifXKdBIbEKjbKGXKaCibXFbYbIfdfiXKG

234 : BhaWEaXGKAJaiehheAJDWJZEIADFdAbEdWDaEWJZXaYWDabGhJAFFAXaEaaJXKFdaWGEFDWheWJcAHaDJiaJFWJZBhaWEaXaHecehWJF

235 : AgZVDZWFJ0IZhdggd0ICVIYDH0CEc0aDcVCZDVIYWZXVCZaFgI0EE0WZDZZIWJEcZVFDECVgdVIb0GZCIhZIEVIYAgZVDZWZGdbdgVIE

236 : 0fYUCYVEI9HYgcffc9HBUHXCG9BDb9ZCbUBYCUHXVYWUBYZEfH9DD9VYCYYHVIDbYUECDBUfcUHa9FYBHgYHDUHX0fYUCYVYFcacfUHD

237 : 9eXTBXUDH8GXfbeeb8GATGWBF8ACa8YBaTAXBTGWUXVTAXYDeG8CC8UXBXXGUHCaXTDBCATebTGZ8EXAGfXGCTGW9eXTBXUXEbZbeTGC

238 : 8dWSAWTCG7FWeadda7F0SFVAE70BZ7XAZS0WASFVTWUS0WXCdF7BB7TWAWWFTGBZWSCAB0SdaSFY7DW0FeWFBSFV8dWSAWTWDaYadSFB

239 : 7cVR0VSBF6EVdZccZ6E9REU0D69AY6W0YR9V0REUSVTR9VWBcE6AA6SV0VVESFAYVRB0A9RcZREX6CV9EdVEAREU7cVR0VSVCZXZcREA

240 : 6bUQ9URAE5DUcYbbY5D8QDT9C580X5V9XQ8U9QDTRUSQ8UVAbD5005RU9UUDRE0XUQA908QbYQDW5BU8DcUD0QDT6bUQ9URUBYWYbQD0

241 : 5aTP8TQ0D4CTbXaaX4C7PCS8B479W4U8WP7T8PCSQTRP7TU0aC4994QT8TTCQD9WTP0897PaXPCV4AT7CbTC9PCS5aTP8TQTAXVXaPC9

242 : 4ZSO7SP9C3BSaWZZW3B6OBR7A368V3T7VO6S7OBRPSQO6ST9ZB3883PS7SSBPC8VSO9786OZWOBU30S6BaSB8OBR4ZSO7SPS0WUWZOB8

243 : 3YRN6RO8B2ARZVYYV2A5NAQ60257U2S6UN5R6NAQORPN5RS8YA2772OR6RRAOB7URN8675NYVNAT29R5AZRA7NAQ3YRN6ROR9VTVYNA7

244 : 3YRN6RO8B2ARZVYYV2A5NAQ60257U2S6UN5R6NAQORPN5RS8YA2772OR6RRAOB7URN8675NYVNAT29R5AZRA7NAQ3YRN6ROR9VTVYNA7

245 : 4ZSO7SP9C3BSaWZZW3B6OBR7A368V3T7VO6S7OBRPSQO6ST9ZB3883PS7SSBPC8VSO9786OZWOBU30S6BaSB8OBR4ZSO7SPS0WUWZOB8

246 : 5aTP8TQ0D4CTbXaaX4C7PCS8B479W4U8WP7T8PCSQTRP7TU0aC4994QT8TTCQD9WTP0897PaXPCV4AT7CbTC9PCS5aTP8TQTAXVXaPC9

247 : 6bUQ9URAE5DUcYbbY5D8QDT9C580X5V9XQ8U9QDTRUSQ8UVAbD5005RU9UUDRE0XUQA908QbYQDW5BU8DcUD0QDT6bUQ9URUBYWYbQD0

248 : 7cVR0VSBF6EVdZccZ6E9REU0D69AY6W0YR9V0REUSVTR9VWBcE6AA6SV0VVESFAYVRB0A9RcZREX6CV9EdVEAREU7cVR0VSVCZXZcREA

249 : 8dWSAWTCG7FWeadda7F0SFVAE70BZ7XAZS0WASFVTWUS0WXCdF7BB7TWAWWFTGBZWSCAB0SdaSFY7DW0FeWFBSFV8dWSAWTWDaYadSFB

250 : 9eXTBXUDH8GXfbeeb8GATGWBF8ACa8YBaTAXBTGWUXVTAXYDeG8CC8UXBXXGUHCaXTDBCATebTGZ8EXAGfXGCTGW9eXTBXUXEbZbeTGC

251 : 0fYUCYVEI9HYgcffc9HBUHXCG9BDb9ZCbUBYCUHXVYWUBYZEfH9DD9VYCYYHVIDbYUECDBUfcUHa9FYBHgYHDUHX0fYUCYVYFcacfUHD

252 : AgZVDZWFJ0IZhdggd0ICVIYDH0CEc0aDcVCZDVIYWZXVCZaFgI0EE0WZDZZIWJEcZVFDECVgdVIb0GZCIhZIEVIYAgZVDZWZGdbdgVIE

253 : BhaWEaXGKAJaiehheAJDWJZEIADFdAbEdWDaEWJZXaYWDabGhJAFFAXaEaaJXKFdaWGEFDWheWJcAHaDJiaJFWJZBhaWEaXaHecehWJF

254 : CibXFbYHLBKbjfiifBKEXKaFJBEGeBcFeXEbFXKaYbZXEbcHiKBGGBYbFbbKYLGebXHFGEXifXKdBIbEKjbKGXKaCibXFbYbIfdfiXKG

255 : DjcYGcZIMCLckgjjgCLFYLbGKCFHfCdGfYFcGYLbZcaYFcdIjLCHHCZcGccLZMHfcYIGHFYjgYLeCJcFLkcLHYLbDjcYGcZcJgegjYLH

256 : EkdZHdaJNDMdlhkkhDMGZMcHLDGIgDeHgZGdHZMcadbZGdeJkMDIIDadHddMaNIgdZJHIGZkhZMfDKdGMldMIZMcEkdZHdadKhfhkZMI

257 : FleaIebKOENemilliENHaNdIMEHJhEfIhaHeIaNdbecaHefKlNEJJEbeIeeNbOJheaKIJHaliaNgELeHNmeNJaNdFleaIebeLigilaNJ

258 : GmfbJfcLPFOfnjmmjFOIbOeJNFIKiFgJibIfJbOecfdbIfgLmOFKKFcfJffOcPKifbLJKIbmjbOhFMfIOnfOKbOeGmfbJfcfMjhjmbOK

259 : HngcKgdMQGPgoknnkGPJcPfKOGJLjGhKjcJgKcPfdgecJghMnPGLLGdgKggPdQLjgcMKLJcnkcPiGNgJPogPLcPfHngcKgdgNkikncPL

260 : IohdLheNRHQhploolHQKdQgLPHKMkHiLkdKhLdQgehfdKhiNoQHMMHehLhhQeRMkhdNLMKdoldQjHOhKQphQMdQgIohdLhehOljlodQM

261 : JpieMifOSIRiqmppmIRLeRhMQILNlIjMleLiMeRhfigeLijOpRINNIfiMiiRfSNlieOMNLepmeRkIPiLRqiRNeRhJpieMifiPmkmpeRN

262 : KqjfNjgPTJSjrnqqnJSMfSiNRJMOmJkNmfMjNfSigjhfMjkPqSJOOJgjNjjSgTOmjfPNOMfqnfSlJQjMSrjSOfSiKqjfNjgjQnlnqfSO

263 : LrkgOkhQUKTksorroKTNgTjOSKNPnKlOngNkOgTjhkigNklQrTKPPKhkOkkThUPnkgQOPNgrogTmKRkNTskTPgTjLrkgOkhkRomorgTP

264 : MslhPliRVLUltpsspLUOhUkPTLOQoLmPohOlPhUkiljhOlmRsULQQLilPllUiVQolhRPQOhsphUnLSlOUtlUQhUkMslhPlilSpnpshUQ

265 : NtmiQmjSWMVmuqttqMVPiVlQUMPRpMnQpiPmQiVljmkiPmnStVMRRMjmQmmVjWRpmiSQRPitqiVoMTmPVumVRiVlNtmiQmjmTqoqtiVR

266 : OunjRnkTXNWnvruurNWQjWmRVNQSqNoRqjQnRjWmknljQnoTuWNSSNknRnnWkXSqnjTRSQjurjWpNUnQWvnWSjWmOunjRnknUrprujWS

267 : PvokSolUYOXowsvvsOXRkXnSWORTrOpSrkRoSkXnlomkRopUvXOTTOloSooXlYTrokUSTRkvskXqOVoRXwoXTkXnPvokSoloVsqsvkXT

268 : QwplTpmVZPYpxtwwtPYSlYoTXPSUsPqTslSpTlYompnlSpqVwYPUUPmpTppYmZUsplVTUSlwtlYrPWpSYxpYUlYoQwplTpmpWtrtwlYU

269 : RxqmUqnWaQZqyuxxuQZTmZpUYQTVtQrUtmTqUmZpnqomTqrWxZQVVQnqUqqZnaVtqmWUVTmxumZsQXqTZyqZVmZpRxqmUqnqXusuxmZV

270 : SyrnVroXbRarzvyyvRaUnaqVZRUWuRsVunUrVnaqorpnUrsXyaRWWRorVrraobWurnXVWUnyvnatRYrUazraWnaqSyrnVrorYvtvynaW

271 : TzsoWspYcSbs1wzzwSbVobrWaSVXvStWvoVsWobrpsqoVstYzbSXXSpsWssbpcXvsoYWXVozwobuSZsVb1sbXobrTzsoWspsZwuwzobX

272 : U1tpXtqZdTct2x11xTcWpcsXbTWYwTuXwpWtXpcsqtrpWtuZ1cTYYTqtXttcqdYwtpZXYWp1xpcvTatWc2tcYpcsU1tpXtqtaxvx1pcY

273 : V2uqYuraeUdu3y22yUdXqdtYcUXZxUvYxqXuYqdtrusqXuva2dUZZUruYuudreZxuqaYZXq2yqdwUbuXd3udZqdtV2uqYurubywy2qdZ

274 : W3vrZvsbfVev4z33zVeYreuZdVYayVwZyrYvZreusvtrYvwb3eVaaVsvZvvesfayvrbZaYr3zrexVcvYe4veareuW3vrZvsvczxz3rea

275 : X4wsawtcgWfw51441WfZsfvaeWZbzWxazsZwasfvtwusZwxc4fWbbWtwawwftgbzwscabZs41sfyWdwZf5wfbsfvX4wsawtwd1y14sfb

276 : Y5xtbxudhXgx62552XgatgwbfXac1Xyb1taxbtgwuxvtaxyd5gXccXuxbxxguhc1xtdbcat52tgzXexag6xgctgwY5xtbxuxe2z25tgc

277 : Z6yucyveiYhy73663YhbuhxcgYbd2Yzc2ubycuhxvywubyze6hYddYvycyyhvid2yuecdbu63uh1Yfybh7yhduhxZ6yucyvyf3136uhd

278 : a7zvdzwfjZiz84774ZicviydhZce3Z1d3vczdviywzxvcz1f7iZeeZwzdzziwje3zvfdecv74vi2Zgzci8zieviya7zvdzwzg4247vie

279 : b81we1xgkaj195885ajdwjzeiadf4a2e4wd1ewjzx1ywd12g8jaffax1e11jxkf41wgefdw85wj3ah1dj91jfwjzb81we1x1h5358wjf

280 : c92xf2yhlbk206996bkexk1fjbeg5b3f5xe2fxk1y2zxe23h9kbggby2f22kylg52xhfgex96xk4bi2ek02kgxk1c92xf2y2i6469xkg

281 : d03yg3zimcl3A7007clfyl2gkcfh6c4g6yf3gyl2z31yf34i0lchhcz3g33lzmh63yighfy07yl5cj3flA3lhyl2d03yg3z3j7570ylh

282 : eA4zh41jndm4B8AA8dmgzm3hldgi7d5h7zg4hzm3142zg45jAmdiid14h44m1ni74zjhigzA8zm6dk4gmB4mizm3eA4zh414k868Azmi

283 : fB51i52koen5C9BB9enh1n4imehj8e6i81h5i1n42531h56kBnejje25i55n2oj851kijh1B91n7el5hnC5nj1n4fB51i525l979B1nj

284 : gC62j63lpfo6D0CC0foi2o5jnfik9f7j92i6j2o53642i67lCofkkf36j66o3pk962ljki2C02o8fm6ioD6ok2o5gC62j636m080C2ok

285 : hD73k74mqgp7EADDAgpj3p6kogjl0g8k03j7k3p64753j78mDpgllg47k77p4ql073mklj3DA3p9gn7jpE7pl3p6hD73k747nA9AD3pl

286 : iE84l85nrhq8FBEEBhqk4q7lphkmAh9lA4k8l4q75864k89nEqhmmh58l88q5rmA84nlmk4EB4q0ho8kqF8qm4q7iE84l858oB0BE4qm

287 : jF95m96osir9GCFFCirl5r8mqilnBi0mB5l9m5r86975l90oFrinni69m99r6snB95omnl5FC5rAip9lrG9rn5r8jF95m969pCACF5rn

288 : kG06n07ptjs0HDGGDjsm6s9nrjmoCjAnC6m0n6s97086m0ApGsjooj70n00s7toC06pnom6GD6sBjq0msH0so6s9kG06n070qDBDG6so

289 : lHA7oA8quktAIEHHEktn7t0osknpDkBoD7nAo7t08A97nABqHtkppk8AoAAt8upDA7qopn7HE7tCkrAntIAtp7t0lHA7oA8ArECEH7tp

290 : mIB8pB9rvluBJFIIFluo8uAptloqElCpE8oBp8uA9B08oBCrIulqql9BpBBu9vqEB8rpqo8IF8uDlsBouJBuq8uAmIB8pB9BsFDFI8uq

291 : nJC9qC0swmvCKGJJGmvp9vBqumprFmDqF9pCq9vB0CA9pCDsJvmrrm0CqCCv0wrFC9sqrp9JG9vEmtCpvKCvr9vBnJC9qC0CtGEGJ9vr

292 : oKD0rDAtxnwDLHKKHnwq0wCrvnqsGnErG0qDr0wCADB0qDEtKwnssnADrDDwAxsGD0trsq0KH0wFnuDqwLDws0wCoKD0rDADuHFHK0ws

293 : pLEAsEBuyoxEMILLIoxrAxDswortHoFsHArEsAxDBECArEFuLxottoBEsEExBytHEAustrALIAxGovErxMExtAxDpLEAsEBEvIGILAxt

294 : qMFBtFCvzpyFNJMMJpysByEtxpsuIpGtIBsFtByECFDBsFGvMypuupCFtFFyCzuIFBvtusBMJByHpwFsyNFyuByEqMFBtFCFwJHJMByu

295 : rNGCuGDw1qzGOKNNKqztCzFuyqtvJqHuJCtGuCzFDGECtGHwNzqvvqDGuGGzD1vJGCwuvtCNKCzIqxGtzOGzvCzFrNGCuGDGxKIKNCzv

296 : sOHDvHEx2r1HPLOOLr1uD1GvzruwKrIvKDuHvD1GEHFDuHIxO1rwwrEHvHH1E2wKHDxvwuDOLD1JryHu1PH1wD1GsOHDvHEHyLJLOD1w

297 : tPIEwIFy3s2IQMPPMs2vE2Hw1svxLsJwLEvIwE2HFIGEvIJyP2sxxsFIwII2F3xLIEywxvEPME2KszIv2QI2xE2HtPIEwIFIzMKMPE2x

298 : uQJFxJGz4t3JRNQQNt3wF3Ix2twyMtKxMFwJxF3IGJHFwJKzQ3tyytGJxJJ3G4yMJFzxywFQNF3Lt1Jw3RJ3yF3IuQJFxJGJ1NLNQF3y

299 : vRKGyKH15u4KSORROu4xG4Jy3uxzNuLyNGxKyG4JHKIGxKL1R4uzzuHKyKK4H5zNKG1yzxGROG4Mu2Kx4SK4zG4JvRKGyKHK2OMORG4z

300 : wSLHzLI26v5LTPSSPv5yH5Kz4vy1OvMzOHyLzH5KILJHyLM2S5v11vILzLL5I61OLH2z1yHSPH5Nv3Ly5TL51H5KwSLHzLIL3PNPSH51

301 : xTMI1MJ37w6MUQTTQw6zI6L15wz2PwN1PIzM1I6LJMKIzMN3T6w22wJM1MM6J72PMI312zITQI6Ow4Mz6UM62I6LxTMI1MJM4QOQTI62

302 : yUNJ2NK48x7NVRUURx71J7M26x13QxO2QJ1N2J7MKNLJ1NO4U7x33xKN2NN7K83QNJ4231JURJ7Px5N17VN73J7MyUNJ2NKN5RPRUJ73

303 : zVOK3OL59y8OWSVVSy82K8N37y24RyP3RK2O3K8NLOMK2OP5V8y44yLO3OO8L94ROK5342KVSK8Qy6O28WO84K8NzVOK3OLO6SQSVK84

304 : 1WPL4PM60z9PXTWWTz93L9O48z35SzQ4SL3P4L9OMPNL3PQ6W9z55zMP4PP9M05SPL6453LWTL9Rz7P39XP95L9O1WPL4PMP7TRTWL95

305 : 1WPL4PM60z9PXTWWTz93L9O48z35SzQ4SL3P4L9OMPNL3PQ6W9z55zMP4PP9M05SPL6453LWTL9Rz7P39XP95L9O1WPL4PMP7TRTWL95

306 : zVOK3OL59y8OWSVVSy82K8N37y24RyP3RK2O3K8NLOMK2OP5V8y44yLO3OO8L94ROK5342KVSK8Qy6O28WO84K8NzVOK3OLO6SQSVK84

307 : yUNJ2NK48x7NVRUURx71J7M26x13QxO2QJ1N2J7MKNLJ1NO4U7x33xKN2NN7K83QNJ4231JURJ7Px5N17VN73J7MyUNJ2NKN5RPRUJ73

308 : xTMI1MJ37w6MUQTTQw6zI6L15wz2PwN1PIzM1I6LJMKIzMN3T6w22wJM1MM6J72PMI312zITQI6Ow4Mz6UM62I6LxTMI1MJM4QOQTI62

309 : wSLHzLI26v5LTPSSPv5yH5Kz4vy1OvMzOHyLzH5KILJHyLM2S5v11vILzLL5I61OLH2z1yHSPH5Nv3Ly5TL51H5KwSLHzLIL3PNPSH51

310 : vRKGyKH15u4KSORROu4xG4Jy3uxzNuLyNGxKyG4JHKIGxKL1R4uzzuHKyKK4H5zNKG1yzxGROG4Mu2Kx4SK4zG4JvRKGyKHK2OMORG4z

311 : uQJFxJGz4t3JRNQQNt3wF3Ix2twyMtKxMFwJxF3IGJHFwJKzQ3tyytGJxJJ3G4yMJFzxywFQNF3Lt1Jw3RJ3yF3IuQJFxJGJ1NLNQF3y

312 : tPIEwIFy3s2IQMPPMs2vE2Hw1svxLsJwLEvIwE2HFIGEvIJyP2sxxsFIwII2F3xLIEywxvEPME2KszIv2QI2xE2HtPIEwIFIzMKMPE2x

313 : sOHDvHEx2r1HPLOOLr1uD1GvzruwKrIvKDuHvD1GEHFDuHIxO1rwwrEHvHH1E2wKHDxvwuDOLD1JryHu1PH1wD1GsOHDvHEHyLJLOD1w

314 : rNGCuGDw1qzGOKNNKqztCzFuyqtvJqHuJCtGuCzFDGECtGHwNzqvvqDGuGGzD1vJGCwuvtCNKCzIqxGtzOGzvCzFrNGCuGDGxKIKNCzv

315 : qMFBtFCvzpyFNJMMJpysByEtxpsuIpGtIBsFtByECFDBsFGvMypuupCFtFFyCzuIFBvtusBMJByHpwFsyNFyuByEqMFBtFCFwJHJMByu

316 : pLEAsEBuyoxEMILLIoxrAxDswortHoFsHArEsAxDBECArEFuLxottoBEsEExBytHEAustrALIAxGovErxMExtAxDpLEAsEBEvIGILAxt

317 : oKD0rDAtxnwDLHKKHnwq0wCrvnqsGnErG0qDr0wCADB0qDEtKwnssnADrDDwAxsGD0trsq0KH0wFnuDqwLDws0wCoKD0rDADuHFHK0ws

318 : nJC9qC0swmvCKGJJGmvp9vBqumprFmDqF9pCq9vB0CA9pCDsJvmrrm0CqCCv0wrFC9sqrp9JG9vEmtCpvKCvr9vBnJC9qC0CtGEGJ9vr

319 : mIB8pB9rvluBJFIIFluo8uAptloqElCpE8oBp8uA9B08oBCrIulqql9BpBBu9vqEB8rpqo8IF8uDlsBouJBuq8uAmIB8pB9BsFDFI8uq

320 : lHA7oA8quktAIEHHEktn7t0osknpDkBoD7nAo7t08A97nABqHtkppk8AoAAt8upDA7qopn7HE7tCkrAntIAtp7t0lHA7oA8ArECEH7tp

321 : kG06n07ptjs0HDGGDjsm6s9nrjmoCjAnC6m0n6s97086m0ApGsjooj70n00s7toC06pnom6GD6sBjq0msH0so6s9kG06n070qDBDG6so

322 : jF95m96osir9GCFFCirl5r8mqilnBi0mB5l9m5r86975l90oFrinni69m99r6snB95omnl5FC5rAip9lrG9rn5r8jF95m969pCACF5rn

323 : iE84l85nrhq8FBEEBhqk4q7lphkmAh9lA4k8l4q75864k89nEqhmmh58l88q5rmA84nlmk4EB4q0ho8kqF8qm4q7iE84l858oB0BE4qm

324 : hD73k74mqgp7EADDAgpj3p6kogjl0g8k03j7k3p64753j78mDpgllg47k77p4ql073mklj3DA3p9gn7jpE7pl3p6hD73k747nA9AD3pl

325 : gC62j63lpfo6D0CC0foi2o5jnfik9f7j92i6j2o53642i67lCofkkf36j66o3pk962ljki2C02o8fm6ioD6ok2o5gC62j636m080C2ok

326 : fB51i52koen5C9BB9enh1n4imehj8e6i81h5i1n42531h56kBnejje25i55n2oj851kijh1B91n7el5hnC5nj1n4fB51i525l979B1nj

327 : eA4zh41jndm4B8AA8dmgzm3hldgi7d5h7zg4hzm3142zg45jAmdiid14h44m1ni74zjhigzA8zm6dk4gmB4mizm3eA4zh414k868Azmi

328 : d03yg3zimcl3A7007clfyl2gkcfh6c4g6yf3gyl2z31yf34i0lchhcz3g33lzmh63yighfy07yl5cj3flA3lhyl2d03yg3z3j7570ylh

329 : c92xf2yhlbk206996bkexk1fjbeg5b3f5xe2fxk1y2zxe23h9kbggby2f22kylg52xhfgex96xk4bi2ek02kgxk1c92xf2y2i6469xkg

330 : b81we1xgkaj195885ajdwjzeiadf4a2e4wd1ewjzx1ywd12g8jaffax1e11jxkf41wgefdw85wj3ah1dj91jfwjzb81we1x1h5358wjf

331 : a7zvdzwfjZiz84774ZicviydhZce3Z1d3vczdviywzxvcz1f7iZeeZwzdzziwje3zvfdecv74vi2Zgzci8zieviya7zvdzwzg4247vie

332 : Z6yucyveiYhy73663YhbuhxcgYbd2Yzc2ubycuhxvywubyze6hYddYvycyyhvid2yuecdbu63uh1Yfybh7yhduhxZ6yucyvyf3136uhd

333 : Y5xtbxudhXgx62552XgatgwbfXac1Xyb1taxbtgwuxvtaxyd5gXccXuxbxxguhc1xtdbcat52tgzXexag6xgctgwY5xtbxuxe2z25tgc

334 : X4wsawtcgWfw51441WfZsfvaeWZbzWxazsZwasfvtwusZwxc4fWbbWtwawwftgbzwscabZs41sfyWdwZf5wfbsfvX4wsawtwd1y14sfb

335 : W3vrZvsbfVev4z33zVeYreuZdVYayVwZyrYvZreusvtrYvwb3eVaaVsvZvvesfayvrbZaYr3zrexVcvYe4veareuW3vrZvsvczxz3rea

336 : V2uqYuraeUdu3y22yUdXqdtYcUXZxUvYxqXuYqdtrusqXuva2dUZZUruYuudreZxuqaYZXq2yqdwUbuXd3udZqdtV2uqYurubywy2qdZ

337 : U1tpXtqZdTct2x11xTcWpcsXbTWYwTuXwpWtXpcsqtrpWtuZ1cTYYTqtXttcqdYwtpZXYWp1xpcvTatWc2tcYpcsU1tpXtqtaxvx1pcY

338 : TzsoWspYcSbs1wzzwSbVobrWaSVXvStWvoVsWobrpsqoVstYzbSXXSpsWssbpcXvsoYWXVozwobuSZsVb1sbXobrTzsoWspsZwuwzobX

339 : SyrnVroXbRarzvyyvRaUnaqVZRUWuRsVunUrVnaqorpnUrsXyaRWWRorVrraobWurnXVWUnyvnatRYrUazraWnaqSyrnVrorYvtvynaW

340 : RxqmUqnWaQZqyuxxuQZTmZpUYQTVtQrUtmTqUmZpnqomTqrWxZQVVQnqUqqZnaVtqmWUVTmxumZsQXqTZyqZVmZpRxqmUqnqXusuxmZV

341 : QwplTpmVZPYpxtwwtPYSlYoTXPSUsPqTslSpTlYompnlSpqVwYPUUPmpTppYmZUsplVTUSlwtlYrPWpSYxpYUlYoQwplTpmpWtrtwlYU

342 : PvokSolUYOXowsvvsOXRkXnSWORTrOpSrkRoSkXnlomkRopUvXOTTOloSooXlYTrokUSTRkvskXqOVoRXwoXTkXnPvokSoloVsqsvkXT

343 : OunjRnkTXNWnvruurNWQjWmRVNQSqNoRqjQnRjWmknljQnoTuWNSSNknRnnWkXSqnjTRSQjurjWpNUnQWvnWSjWmOunjRnknUrprujWS

344 : NtmiQmjSWMVmuqttqMVPiVlQUMPRpMnQpiPmQiVljmkiPmnStVMRRMjmQmmVjWRpmiSQRPitqiVoMTmPVumVRiVlNtmiQmjmTqoqtiVR

345 : MslhPliRVLUltpsspLUOhUkPTLOQoLmPohOlPhUkiljhOlmRsULQQLilPllUiVQolhRPQOhsphUnLSlOUtlUQhUkMslhPlilSpnpshUQ

346 : LrkgOkhQUKTksorroKTNgTjOSKNPnKlOngNkOgTjhkigNklQrTKPPKhkOkkThUPnkgQOPNgrogTmKRkNTskTPgTjLrkgOkhkRomorgTP

347 : KqjfNjgPTJSjrnqqnJSMfSiNRJMOmJkNmfMjNfSigjhfMjkPqSJOOJgjNjjSgTOmjfPNOMfqnfSlJQjMSrjSOfSiKqjfNjgjQnlnqfSO

348 : JpieMifOSIRiqmppmIRLeRhMQILNlIjMleLiMeRhfigeLijOpRINNIfiMiiRfSNlieOMNLepmeRkIPiLRqiRNeRhJpieMifiPmkmpeRN

349 : IohdLheNRHQhploolHQKdQgLPHKMkHiLkdKhLdQgehfdKhiNoQHMMHehLhhQeRMkhdNLMKdoldQjHOhKQphQMdQgIohdLhehOljlodQM

350 : HngcKgdMQGPgoknnkGPJcPfKOGJLjGhKjcJgKcPfdgecJghMnPGLLGdgKggPdQLjgcMKLJcnkcPiGNgJPogPLcPfHngcKgdgNkikncPL

351 : GmfbJfcLPFOfnjmmjFOIbOeJNFIKiFgJibIfJbOecfdbIfgLmOFKKFcfJffOcPKifbLJKIbmjbOhFMfIOnfOKbOeGmfbJfcfMjhjmbOK

352 : FleaIebKOENemilliENHaNdIMEHJhEfIhaHeIaNdbecaHefKlNEJJEbeIeeNbOJheaKIJHaliaNgELeHNmeNJaNdFleaIebeLigilaNJ

353 : EkdZHdaJNDMdlhkkhDMGZMcHLDGIgDeHgZGdHZMcadbZGdeJkMDIIDadHddMaNIgdZJHIGZkhZMfDKdGMldMIZMcEkdZHdadKhfhkZMI

354 : DjcYGcZIMCLckgjjgCLFYLbGKCFHfCdGfYFcGYLbZcaYFcdIjLCHHCZcGccLZMHfcYIGHFYjgYLeCJcFLkcLHYLbDjcYGcZcJgegjYLH

355 : CibXFbYHLBKbjfiifBKEXKaFJBEGeBcFeXEbFXKaYbZXEbcHiKBGGBYbFbbKYLGebXHFGEXifXKdBIbEKjbKGXKaCibXFbYbIfdfiXKG

356 : BhaWEaXGKAJaiehheAJDWJZEIADFdAbEdWDaEWJZXaYWDabGhJAFFAXaEaaJXKFdaWGEFDWheWJcAHaDJiaJFWJZBhaWEaXaHecehWJF

357 : AgZVDZWFJ0IZhdggd0ICVIYDH0CEc0aDcVCZDVIYWZXVCZaFgI0EE0WZDZZIWJEcZVFDECVgdVIb0GZCIhZIEVIYAgZVDZWZGdbdgVIE

358 : 0fYUCYVEI9HYgcffc9HBUHXCG9BDb9ZCbUBYCUHXVYWUBYZEfH9DD9VYCYYHVIDbYUECDBUfcUHa9FYBHgYHDUHX0fYUCYVYFcacfUHD

359 : 9eXTBXUDH8GXfbeeb8GATGWBF8ACa8YBaTAXBTGWUXVTAXYDeG8CC8UXBXXGUHCaXTDBCATebTGZ8EXAGfXGCTGW9eXTBXUXEbZbeTGC

360 : 8dWSAWTCG7FWeadda7F0SFVAE70BZ7XAZS0WASFVTWUS0WXCdF7BB7TWAWWFTGBZWSCAB0SdaSFY7DW0FeWFBSFV8dWSAWTWDaYadSFB

361 : 7cVR0VSBF6EVdZccZ6E9REU0D69AY6W0YR9V0REUSVTR9VWBcE6AA6SV0VVESFAYVRB0A9RcZREX6CV9EdVEAREU7cVR0VSVCZXZcREA

362 : 6bUQ9URAE5DUcYbbY5D8QDT9C580X5V9XQ8U9QDTRUSQ8UVAbD5005RU9UUDRE0XUQA908QbYQDW5BU8DcUD0QDT6bUQ9URUBYWYbQD0

363 : 5aTP8TQ0D4CTbXaaX4C7PCS8B479W4U8WP7T8PCSQTRP7TU0aC4994QT8TTCQD9WTP0897PaXPCV4AT7CbTC9PCS5aTP8TQTAXVXaPC9

364 : 4ZSO7SP9C3BSaWZZW3B6OBR7A368V3T7VO6S7OBRPSQO6ST9ZB3883PS7SSBPC8VSO9786OZWOBU30S6BaSB8OBR4ZSO7SPS0WUWZOB8

365 : 3YRN6RO8B2ARZVYYV2A5NAQ60257U2S6UN5R6NAQORPN5RS8YA2772OR6RRAOB7URN8675NYVNAT29R5AZRA7NAQ3YRN6ROR9VTVYNA7

366 : 3YRN6RO8B2aRZVYYV2a5NaQ60257U2S6UN5R6NaQORPN5RS8Ya2772OR6RRaOB7URN8675NYVNaT29R5aZRa7NaQ3YRN6ROR9VTVYNa7

367 : 4ZSO7SP9C3bS1WZZW3b6ObR7a368V3T7VO6S7ObRPSQO6ST9Zb3883PS7SSbPC8VSO9786OZWObU30S6b1Sb8ObR4ZSO7SPS0WUWZOb8

368 : 51TP8TQ0D4cT2X11X4c7PcS8b479W4U8WP7T8PcSQTRP7TU01c4994QT8TTcQD9WTP0897P1XPcV4aT7c2Tc9PcS51TP8TQTaXVX1Pc9

369 : 62UQ9URaE5dU3Y22Y5d8QdT9c580X5V9XQ8U9QdTRUSQ8UVa2d5005RU9UUdRE0XUQa908Q2YQdW5bU8d3Ud0QdT62UQ9URUbYWY2Qd0

370 : 73VR0VSbF6eV4Z33Z6e9ReU0d69aY6W0YR9V0ReUSVTR9VWb3e6aa6SV0VVeSFaYVRb0a9R3ZReX6cV9e4VeaReU73VR0VSVcZXZ3Rea

371 : 84WSaWTcG7fW514417f0SfVae70bZ7XaZS0WaSfVTWUS0WXc4f7bb7TWaWWfTGbZWScab0S41SfY7dW0f5WfbSfV84WSaWTWd1Y14Sfb

372 : 95XTbXUdH8gX625528gaTgWbf8ac18Yb1TaXbTgWUXVTaXYd5g8cc8UXbXXgUHc1XTdbcaT52TgZ8eXag6XgcTgW95XTbXUXe2Z25Tgc

373 : 06YUcYVeI9hY736639hbUhXcg9bd29Zc2UbYcUhXVYWUbYZe6h9dd9VYcYYhVId2YUecdbU63Uh19fYbh7YhdUhX06YUcYVYf3136Uhd

374 : a7ZVdZWfJ0iZ847740icViYdh0ce301d3VcZdViYWZXVcZ1f7i0ee0WZdZZiWJe3ZVfdecV74Vi20gZci8ZieViYa7ZVdZWZg4247Vie

375 : b81We1XgKaj195885ajdWjZeiadf4a2e4Wd1eWjZX1YWd12g8jaffaX1e11jXKf41WgefdW85Wj3ah1dj91jfWjZb81We1X1h5358Wjf

376 : c92Xf2YhLbk206996bkeXk1fjbeg5b3f5Xe2fXk1Y2ZXe23h9kbggbY2f22kYLg52XhfgeX96Xk4bi2ek02kgXk1c92Xf2Y2i6469Xkg

377 : d03Yg3ZiMcl3a7007clfYl2gkcfh6c4g6Yf3gYl2Z31Yf34i0lchhcZ3g33lZMh63YighfY07Yl5cj3fla3lhYl2d03Yg3Z3j7570Ylh

378 : ea4Zh41jNdm4b8aa8dmgZm3hldgi7d5h7Zg4hZm3142Zg45jamdiid14h44m1Ni74ZjhigZa8Zm6dk4gmb4miZm3ea4Zh414k868aZmi

379 : fb51i52kOen5c9bb9enh1n4imehj8e6i81h5i1n42531h56kbnejje25i55n2Oj851kijh1b91n7el5hnc5nj1n4fb51i525l979b1nj

380 : gc62j63lPfo6d0cc0foi2o5jnfik9f7j92i6j2o53642i67lcofkkf36j66o3Pk962ljki2c02o8fm6iod6ok2o5gc62j636m080c2ok

381 : hd73k74mQgp7eaddagpj3p6kogjl0g8k03j7k3p64753j78mdpgllg47k77p4Ql073mklj3da3p9gn7jpe7pl3p6hd73k747na9ad3pl

382 : ie84l85nRhq8fbeebhqk4q7lphkmah9la4k8l4q75864k89neqhmmh58l88q5Rma84nlmk4eb4q0ho8kqf8qm4q7ie84l858ob0be4qm

383 : jf95m96oSir9gcffcirl5r8mqilnbi0mb5l9m5r86975l90ofrinni69m99r6Snb95omnl5fc5raip9lrg9rn5r8jf95m969pcacf5rn

384 : kg06n07pTjs0hdggdjsm6s9nrjmocjanc6m0n6s97086m0apgsjooj70n00s7Toc06pnom6gd6sbjq0msh0so6s9kg06n070qdbdg6so

385 : lha7oa8qUktaiehhektn7t0osknpdkbod7nao7t08a97nabqhtkppk8aoaat8Upda7qopn7he7tckrantiatp7t0lha7oa8areceh7tp

386 : mib8pb9rVlubjfiifluo8uaptloqelcpe8obp8ua9b08obcriulqql9bpbbu9Vqeb8rpqo8if8udlsboujbuq8uamib8pb9bsfdfi8uq

387 : njc9qc0sWmvckgjjgmvp9vbqumprfmdqf9pcq9vb0ca9pcdsjvmrrm0cqccv0Wrfc9sqrp9jg9vemtcpvkcvr9vbnjc9qc0ctgegj9vr

388 : okd0rdatXnwdlhkkhnwq0wcrvnqsgnerg0qdr0wcadb0qdetkwnssnadrddwaXsgd0trsq0kh0wfnudqwldws0wcokd0rdaduhfhk0ws

389 : pleasebuYoxemillioxraxdsworthofsharesaxdbecarefulxottobeseexbYtheaustraliaxgoverxmextaxdpleasebevigilaxt

390 : qmfbtfcvZpyfnjmmjpysbyetxpsuipgtibsftbyecfdbsfgvmypuupcftffycZuifbvtusbmjbyhpwfsynfyubyeqmfbtfcfwjhjmbyu

391 : rngcugdw1qzgoknnkqztczfuyqtvjqhujctguczfdgectghwnzqvvqdguggzd1vjgcwuvtcnkcziqxgtzogzvczfrngcugdgxkiknczv

392 : sohdvhex2rAhploolrAudAgvzruwkrivkduhvdAgehfduhixoArwwrehvhhAe2wkhdxvwudoldAjryhuAphAwdAgsohdvhehyljlodAw

393 : tpiewify3sBiqmppmsBveBhwAsvxlsjwleviweBhfigevijypBsxxsfiwiiBf3xlieywxvepmeBkszivBqiBxeBhtpiewifizmkmpeBx

394 : uqjfxjgz4tCjrnqqntCwfCixBtwymtkxmfwjxfCigjhfwjkzqCtyytgjxjjCg4ymjfzxywfqnfCltAjwCrjCyfCiuqjfxjgjAnlnqfCy

395 : vrkgykhA5uDksorrouDxgDjyCuxznulyngxkygDjhkigxklArDuzzuhkykkDh5znkgAyzxgrogDmuBkxDskDzgDjvrkgykhkBomorgDz

396 : wslhzliB6vEltpsspvEyhEkzDvyAovmzohylzhEkiljhylmBsEvAAvilzllEi6AolhBzAyhsphEnvClyEtlEAhEkwslhzlilCpnpshEA

397 : xtmiAmjC7wFmuqttqwFziFlAEwzBpwnApizmAiFljmkizmnCtFwBBwjmAmmFj7BpmiCABzitqiFowDmzFumFBiFlxtmiAmjmDqoqtiFB

398 : yunjBnkD8xGnvruurxGAjGmBFxACqxoBqjAnBjGmknljAnoDuGxCCxknBnnGk8CqnjDBCAjurjGpxEnAGvnGCjGmyunjBnknErprujGC

399 : zvokColE9yHowsvvsyHBkHnCGyBDrypCrkBoCkHnlomkBopEvHyDDyloCooHl9DrokECDBkvskHqyFoBHwoHDkHnzvokColoFsqsvkHD

400 : AwplDpmF0zIpxtwwtzIClIoDHzCEszqDslCpDlIompnlCpqFwIzEEzmpDppIm0EsplFDEClwtlIrzGpCIxpIElIoAwplDpmpGtrtwlIE

401 : BxqmEqnGaAJqyuxxuAJDmJpEIADFtArEtmDqEmJpnqomDqrGxJAFFAnqEqqJnaFtqmGEFDmxumJsAHqDJyqJFmJpBxqmEqnqHusuxmJF

402 : CyrnFroHbBKrzvyyvBKEnKqFJBEGuBsFunErFnKqorpnErsHyKBGGBorFrrKobGurnHFGEnyvnKtBIrEKzrKGnKqCyrnFrorIvtvynKG

403 : DzsoGspIcCLsAwzzwCLFoLrGKCFHvCtGvoFsGoLrpsqoFstIzLCHHCpsGssLpcHvsoIGHFozwoLuCJsFLAsLHoLrDzsoGspsJwuwzoLH

404 : EAtpHtqJdDMtBxAAxDMGpMsHLDGIwDuHwpGtHpMsqtrpGtuJAMDIIDqtHttMqdIwtpJHIGpAxpMvDKtGMBtMIpMsEAtpHtqtKxvxApMI

405 : FBuqIurKeENuCyBByENHqNtIMEHJxEvIxqHuIqNtrusqHuvKBNEJJEruIuuNreJxuqKIJHqByqNwELuHNCuNJqNtFBuqIuruLywyBqNJ

406 : GCvrJvsLfFOvDzCCzFOIrOuJNFIKyFwJyrIvJrOusvtrIvwLCOFKKFsvJvvOsfKyvrLJKIrCzrOxFMvIODvOKrOuGCvrJvsvMzxzCrOK

407 : HDwsKwtMgGPwEADDAGPJsPvKOGJLzGxKzsJwKsPvtwusJwxMDPGLLGtwKwwPtgLzwsMKLJsDAsPyGNwJPEwPLsPvHDwsKwtwNAyADsPL

408 : IExtLxuNhHQxFBEEBHQKtQwLPHKMAHyLAtKxLtQwuxvtKxyNEQHMMHuxLxxQuhMAxtNLMKtEBtQzHOxKQFxQMtQwIExtLxuxOBzBEtQM

409 : JFyuMyvOiIRyGCFFCIRLuRxMQILNBIzMBuLyMuRxvywuLyzOFRINNIvyMyyRviNByuOMNLuFCuRAIPyLRGyRNuRxJFyuMyvyPCACFuRN

410 : KGzvNzwPjJSzHDGGDJSMvSyNRJMOCJANCvMzNvSywzxvMzAPGSJOOJwzNzzSwjOCzvPNOMvGDvSBJQzMSHzSOvSyKGzvNzwzQDBDGvSO

411 : LHAwOAxQkKTAIEHHEKTNwTzOSKNPDKBODwNAOwTzxAywNABQHTKPPKxAOAATxkPDAwQOPNwHEwTCKRANTIATPwTzLHAwOAxARECEHwTP

412 : MIBxPByRlLUBJFIIFLUOxUAPTLOQELCPExOBPxUAyBzxOBCRIULQQLyBPBBUylQEBxRPQOxIFxUDLSBOUJBUQxUAMIBxPByBSFDFIxUQ

413 : NJCyQCzSmMVCKGJJGMVPyVBQUMPRFMDQFyPCQyVBzCAyPCDSJVMRRMzCQCCVzmRFCySQRPyJGyVEMTCPVKCVRyVBNJCyQCzCTGEGJyVR

414 : OKDzRDATnNWDLHKKHNWQzWCRVNQSGNERGzQDRzWCADBzQDETKWNSSNADRDDWAnSGDzTRSQzKHzWFNUDQWLDWSzWCOKDzRDADUHFHKzWS

415 : PLEASEBUoOXEMILLIOXRAXDSWORTHOFSHARESAXDBECAREFULXOTTOBESEEXBoTHEAUSTRALIAXGOVERXMEXTAXDPLEASEBEVIGILAXT

416 : QMFBTFCVpPYFNJMMJPYSBYETXPSUIPGTIBSFTBYECFDBSFGVMYPUUPCFTFFYCpUIFBVTUSBMJBYHPWFSYNFYUBYEQMFBTFCFWJHJMBYU

417 : RNGCUGDWqQZGOKNNKQZTCZFUYQTVJQHUJCTGUCZFDGECTGHWNZQVVQDGUGGZDqVJGCWUVTCNKCZIQXGTZOGZVCZFRNGCUGDGXKIKNCZV

418 : SOHDVHEXrR1HPLOOLR1UD1GVZRUWKRIVKDUHVD1GEHFDUHIXO1RWWREHVHH1ErWKHDXVWUDOLD1JRYHU1PH1WD1GSOHDVHEHYLJLOD1W

419 : TPIEWIFYsS2IQMPPMS2VE2HW1SVXLSJWLEVIWE2HFIGEVIJYP2SXXSFIWII2FsXLIEYWXVEPME2KSZIV2QI2XE2HTPIEWIFIZMKMPE2X

420 : UQJFXJGZtT3JRNQQNT3WF3IX2TWYMTKXMFWJXF3IGJHFWJKZQ3TYYTGJXJJ3GtYMJFZXYWFQNF3LT1JW3RJ3YF3IUQJFXJGJ1NLNQF3Y

421 : VRKGYKH1uU4KSORROU4XG4JY3UXZNULYNGXKYG4JHKIGXKL1R4UZZUHKYKK4HuZNKG1YZXGROG4MU2KX4SK4ZG4JVRKGYKHK2OMORG4Z

422 : WSLHZLI2vV5LTPSSPV5YH5KZ4VY1OVMZOHYLZH5KILJHYLM2S5V11VILZLL5Iv1OLH2Z1YHSPH5NV3LY5TL51H5KWSLHZLIL3PNPSH51

423 : XTMI1MJ3wW6MUQTTQW6ZI6L15WZ2PWN1PIZM1I6LJMKIZMN3T6W22WJM1MM6Jw2PMI312ZITQI6OW4MZ6UM62I6LXTMI1MJM4QOQTI62

424 : YUNJ2NK4xX7NVRUURX71J7M26X13QXO2QJ1N2J7MKNLJ1NO4U7X33XKN2NN7Kx3QNJ4231JURJ7PX5N17VN73J7MYUNJ2NKN5RPRUJ73

425 : ZVOK3OL5yY8OWSVVSY82K8N37Y24RYP3RK2O3K8NLOMK2OP5V8Y44YLO3OO8Ly4ROK5342KVSK8QY6O28WO84K8NZVOK3OLO6SQSVK84

426 : 1WPL4PM6zZ9PXTWWTZ93L9O48Z35SZQ4SL3P4L9OMPNL3PQ6W9Z55ZMP4PP9Mz5SPL6453LWTL9RZ7P39XP95L9O1WPL4PMP7TRTWL95

427 : 1WPL4PM6zZ9PXTWWTZ93L9O48Z35SZQ4SL3P4L9OMPNL3PQ6W9Z55ZMP4PP9Mz5SPL6453LWTL9RZ7P39XP95L9O1WPL4PMP7TRTWL95

428 : ZVOK3OL5yY8OWSVVSY82K8N37Y24RYP3RK2O3K8NLOMK2OP5V8Y44YLO3OO8Ly4ROK5342KVSK8QY6O28WO84K8NZVOK3OLO6SQSVK84

429 : YUNJ2NK4xX7NVRUURX71J7M26X13QXO2QJ1N2J7MKNLJ1NO4U7X33XKN2NN7Kx3QNJ4231JURJ7PX5N17VN73J7MYUNJ2NKN5RPRUJ73

430 : XTMI1MJ3wW6MUQTTQW6ZI6L15WZ2PWN1PIZM1I6LJMKIZMN3T6W22WJM1MM6Jw2PMI312ZITQI6OW4MZ6UM62I6LXTMI1MJM4QOQTI62

431 : WSLHZLI2vV5LTPSSPV5YH5KZ4VY1OVMZOHYLZH5KILJHYLM2S5V11VILZLL5Iv1OLH2Z1YHSPH5NV3LY5TL51H5KWSLHZLIL3PNPSH51

432 : VRKGYKH1uU4KSORROU4XG4JY3UXZNULYNGXKYG4JHKIGXKL1R4UZZUHKYKK4HuZNKG1YZXGROG4MU2KX4SK4ZG4JVRKGYKHK2OMORG4Z

433 : UQJFXJGZtT3JRNQQNT3WF3IX2TWYMTKXMFWJXF3IGJHFWJKZQ3TYYTGJXJJ3GtYMJFZXYWFQNF3LT1JW3RJ3YF3IUQJFXJGJ1NLNQF3Y

434 : TPIEWIFYsS2IQMPPMS2VE2HW1SVXLSJWLEVIWE2HFIGEVIJYP2SXXSFIWII2FsXLIEYWXVEPME2KSZIV2QI2XE2HTPIEWIFIZMKMPE2X

435 : SOHDVHEXrR1HPLOOLR1UD1GVZRUWKRIVKDUHVD1GEHFDUHIXO1RWWREHVHH1ErWKHDXVWUDOLD1JRYHU1PH1WD1GSOHDVHEHYLJLOD1W

436 : RNGCUGDWqQZGOKNNKQZTCZFUYQTVJQHUJCTGUCZFDGECTGHWNZQVVQDGUGGZDqVJGCWUVTCNKCZIQXGTZOGZVCZFRNGCUGDGXKIKNCZV

437 : QMFBTFCVpPYFNJMMJPYSBYETXPSUIPGTIBSFTBYECFDBSFGVMYPUUPCFTFFYCpUIFBVTUSBMJBYHPWFSYNFYUBYEQMFBTFCFWJHJMBYU

438 : PLEASEBUoOXEMILLIOXRAXDSWORTHOFSHARESAXDBECAREFULXOTTOBESEEXBoTHEAUSTRALIAXGOVERXMEXTAXDPLEASEBEVIGILAXT

439 : OKDzRDATnNWDLHKKHNWQzWCRVNQSGNERGzQDRzWCADBzQDETKWNSSNADRDDWAnSGDzTRSQzKHzWFNUDQWLDWSzWCOKDzRDADUHFHKzWS

440 : NJCyQCzSmMVCKGJJGMVPyVBQUMPRFMDQFyPCQyVBzCAyPCDSJVMRRMzCQCCVzmRFCySQRPyJGyVEMTCPVKCVRyVBNJCyQCzCTGEGJyVR

441 : MIBxPByRlLUBJFIIFLUOxUAPTLOQELCPExOBPxUAyBzxOBCRIULQQLyBPBBUylQEBxRPQOxIFxUDLSBOUJBUQxUAMIBxPByBSFDFIxUQ

442 : LHAwOAxQkKTAIEHHEKTNwTzOSKNPDKBODwNAOwTzxAywNABQHTKPPKxAOAATxkPDAwQOPNwHEwTCKRANTIATPwTzLHAwOAxARECEHwTP

443 : KGzvNzwPjJSzHDGGDJSMvSyNRJMOCJANCvMzNvSywzxvMzAPGSJOOJwzNzzSwjOCzvPNOMvGDvSBJQzMSHzSOvSyKGzvNzwzQDBDGvSO

444 : JFyuMyvOiIRyGCFFCIRLuRxMQILNBIzMBuLyMuRxvywuLyzOFRINNIvyMyyRviNByuOMNLuFCuRAIPyLRGyRNuRxJFyuMyvyPCACFuRN

445 : IExtLxuNhHQxFBEEBHQKtQwLPHKMAHyLAtKxLtQwuxvtKxyNEQHMMHuxLxxQuhMAxtNLMKtEBtQzHOxKQFxQMtQwIExtLxuxOBzBEtQM

446 : HDwsKwtMgGPwEADDAGPJsPvKOGJLzGxKzsJwKsPvtwusJwxMDPGLLGtwKwwPtgLzwsMKLJsDAsPyGNwJPEwPLsPvHDwsKwtwNAyADsPL

447 : GCvrJvsLfFOvDzCCzFOIrOuJNFIKyFwJyrIvJrOusvtrIvwLCOFKKFsvJvvOsfKyvrLJKIrCzrOxFMvIODvOKrOuGCvrJvsvMzxzCrOK

448 : FBuqIurKeENuCyBByENHqNtIMEHJxEvIxqHuIqNtrusqHuvKBNEJJEruIuuNreJxuqKIJHqByqNwELuHNCuNJqNtFBuqIuruLywyBqNJ

449 : EAtpHtqJdDMtBxAAxDMGpMsHLDGIwDuHwpGtHpMsqtrpGtuJAMDIIDqtHttMqdIwtpJHIGpAxpMvDKtGMBtMIpMsEAtpHtqtKxvxApMI

450 : DzsoGspIcCLsAwzzwCLFoLrGKCFHvCtGvoFsGoLrpsqoFstIzLCHHCpsGssLpcHvsoIGHFozwoLuCJsFLAsLHoLrDzsoGspsJwuwzoLH

451 : CyrnFroHbBKrzvyyvBKEnKqFJBEGuBsFunErFnKqorpnErsHyKBGGBorFrrKobGurnHFGEnyvnKtBIrEKzrKGnKqCyrnFrorIvtvynKG

452 : BxqmEqnGaAJqyuxxuAJDmJpEIADFtArEtmDqEmJpnqomDqrGxJAFFAnqEqqJnaFtqmGEFDmxumJsAHqDJyqJFmJpBxqmEqnqHusuxmJF

453 : AwplDpmF0zIpxtwwtzIClIoDHzCEszqDslCpDlIompnlCpqFwIzEEzmpDppIm0EsplFDEClwtlIrzGpCIxpIElIoAwplDpmpGtrtwlIE

454 : zvokColE9yHowsvvsyHBkHnCGyBDrypCrkBoCkHnlomkBopEvHyDDyloCooHl9DrokECDBkvskHqyFoBHwoHDkHnzvokColoFsqsvkHD

455 : yunjBnkD8xGnvruurxGAjGmBFxACqxoBqjAnBjGmknljAnoDuGxCCxknBnnGk8CqnjDBCAjurjGpxEnAGvnGCjGmyunjBnknErprujGC

456 : xtmiAmjC7wFmuqttqwFziFlAEwzBpwnApizmAiFljmkizmnCtFwBBwjmAmmFj7BpmiCABzitqiFowDmzFumFBiFlxtmiAmjmDqoqtiFB

457 : wslhzliB6vEltpsspvEyhEkzDvyAovmzohylzhEkiljhylmBsEvAAvilzllEi6AolhBzAyhsphEnvClyEtlEAhEkwslhzlilCpnpshEA

458 : vrkgykhA5uDksorrouDxgDjyCuxznulyngxkygDjhkigxklArDuzzuhkykkDh5znkgAyzxgrogDmuBkxDskDzgDjvrkgykhkBomorgDz

459 : uqjfxjgz4tCjrnqqntCwfCixBtwymtkxmfwjxfCigjhfwjkzqCtyytgjxjjCg4ymjfzxywfqnfCltAjwCrjCyfCiuqjfxjgjAnlnqfCy

460 : tpiewify3sBiqmppmsBveBhwAsvxlsjwleviweBhfigevijypBsxxsfiwiiBf3xlieywxvepmeBkszivBqiBxeBhtpiewifizmkmpeBx

461 : sohdvhex2rAhploolrAudAgvzruwkrivkduhvdAgehfduhixoArwwrehvhhAe2wkhdxvwudoldAjryhuAphAwdAgsohdvhehyljlodAw

462 : rngcugdw1qzgoknnkqztczfuyqtvjqhujctguczfdgectghwnzqvvqdguggzd1vjgcwuvtcnkcziqxgtzogzvczfrngcugdgxkiknczv

463 : qmfbtfcvZpyfnjmmjpysbyetxpsuipgtibsftbyecfdbsfgvmypuupcftffycZuifbvtusbmjbyhpwfsynfyubyeqmfbtfcfwjhjmbyu

464 : pleasebuYoxemillioxraxdsworthofsharesaxdbecarefulxottobeseexbYtheaustraliaxgoverxmextaxdpleasebevigilaxt

465 : okd0rdatXnwdlhkkhnwq0wcrvnqsgnerg0qdr0wcadb0qdetkwnssnadrddwaXsgd0trsq0kh0wfnudqwldws0wcokd0rdaduhfhk0ws

466 : njc9qc0sWmvckgjjgmvp9vbqumprfmdqf9pcq9vb0ca9pcdsjvmrrm0cqccv0Wrfc9sqrp9jg9vemtcpvkcvr9vbnjc9qc0ctgegj9vr

467 : mib8pb9rVlubjfiifluo8uaptloqelcpe8obp8ua9b08obcriulqql9bpbbu9Vqeb8rpqo8if8udlsboujbuq8uamib8pb9bsfdfi8uq

468 : lha7oa8qUktaiehhektn7t0osknpdkbod7nao7t08a97nabqhtkppk8aoaat8Upda7qopn7he7tckrantiatp7t0lha7oa8areceh7tp

469 : kg06n07pTjs0hdggdjsm6s9nrjmocjanc6m0n6s97086m0apgsjooj70n00s7Toc06pnom6gd6sbjq0msh0so6s9kg06n070qdbdg6so

470 : jf95m96oSir9gcffcirl5r8mqilnbi0mb5l9m5r86975l90ofrinni69m99r6Snb95omnl5fc5raip9lrg9rn5r8jf95m969pcacf5rn

471 : ie84l85nRhq8fbeebhqk4q7lphkmah9la4k8l4q75864k89neqhmmh58l88q5Rma84nlmk4eb4q0ho8kqf8qm4q7ie84l858ob0be4qm

472 : hd73k74mQgp7eaddagpj3p6kogjl0g8k03j7k3p64753j78mdpgllg47k77p4Ql073mklj3da3p9gn7jpe7pl3p6hd73k747na9ad3pl

473 : gc62j63lPfo6d0cc0foi2o5jnfik9f7j92i6j2o53642i67lcofkkf36j66o3Pk962ljki2c02o8fm6iod6ok2o5gc62j636m080c2ok

474 : fb51i52kOen5c9bb9enh1n4imehj8e6i81h5i1n42531h56kbnejje25i55n2Oj851kijh1b91n7el5hnc5nj1n4fb51i525l979b1nj

475 : ea4Zh41jNdm4b8aa8dmgZm3hldgi7d5h7Zg4hZm3142Zg45jamdiid14h44m1Ni74ZjhigZa8Zm6dk4gmb4miZm3ea4Zh414k868aZmi

476 : d03Yg3ZiMcl3a7007clfYl2gkcfh6c4g6Yf3gYl2Z31Yf34i0lchhcZ3g33lZMh63YighfY07Yl5cj3fla3lhYl2d03Yg3Z3j7570Ylh

477 : c92Xf2YhLbk206996bkeXk1fjbeg5b3f5Xe2fXk1Y2ZXe23h9kbggbY2f22kYLg52XhfgeX96Xk4bi2ek02kgXk1c92Xf2Y2i6469Xkg

478 : b81We1XgKaj195885ajdWjZeiadf4a2e4Wd1eWjZX1YWd12g8jaffaX1e11jXKf41WgefdW85Wj3ah1dj91jfWjZb81We1X1h5358Wjf

479 : a7ZVdZWfJ0iZ847740icViYdh0ce301d3VcZdViYWZXVcZ1f7i0ee0WZdZZiWJe3ZVfdecV74Vi20gZci8ZieViYa7ZVdZWZg4247Vie

480 : 06YUcYVeI9hY736639hbUhXcg9bd29Zc2UbYcUhXVYWUbYZe6h9dd9VYcYYhVId2YUecdbU63Uh19fYbh7YhdUhX06YUcYVYf3136Uhd

481 : 95XTbXUdH8gX625528gaTgWbf8ac18Yb1TaXbTgWUXVTaXYd5g8cc8UXbXXgUHc1XTdbcaT52TgZ8eXag6XgcTgW95XTbXUXe2Z25Tgc

482 : 84WSaWTcG7fW514417f0SfVae70bZ7XaZS0WaSfVTWUS0WXc4f7bb7TWaWWfTGbZWScab0S41SfY7dW0f5WfbSfV84WSaWTWd1Y14Sfb

483 : 73VR0VSbF6eV4Z33Z6e9ReU0d69aY6W0YR9V0ReUSVTR9VWb3e6aa6SV0VVeSFaYVRb0a9R3ZReX6cV9e4VeaReU73VR0VSVcZXZ3Rea

484 : 62UQ9URaE5dU3Y22Y5d8QdT9c580X5V9XQ8U9QdTRUSQ8UVa2d5005RU9UUdRE0XUQa908Q2YQdW5bU8d3Ud0QdT62UQ9URUbYWY2Qd0

485 : 51TP8TQ0D4cT2X11X4c7PcS8b479W4U8WP7T8PcSQTRP7TU01c4994QT8TTcQD9WTP0897P1XPcV4aT7c2Tc9PcS51TP8TQTaXVX1Pc9

486 : 4ZSO7SP9C3bS1WZZW3b6ObR7a368V3T7VO6S7ObRPSQO6ST9Zb3883PS7SSbPC8VSO9786OZWObU30S6b1Sb8ObR4ZSO7SPS0WUWZOb8

487 : 3YRN6RO8B2aRZVYYV2a5NaQ60257U2S6UN5R6NaQORPN5RS8Ya2772OR6RRaOB7URN8675NYVNaT29R5aZRa7NaQ3YRN6ROR9VTVYNa7

488 : 3YRN6RO8B2aRZVYYV2a5NaQ60257U2S6UN5R6NaQORPN5RS8Ya2772OR6RRaOB7URN8675NYVNaT29R5aZRa7NaQ3YRN6ROR9VTVYNa7

489 : 4ZSO7SP9C3bS1WZZW3b6ObR7a368V3T7VO6S7ObRPSQO6ST9Zb3883PS7SSbPC8VSO9786OZWObU30S6b1Sb8ObR4ZSO7SPS0WUWZOb8

490 : 51TP8TQ0D4cT2X11X4c7PcS8b479W4U8WP7T8PcSQTRP7TU01c4994QT8TTcQD9WTP0897P1XPcV4aT7c2Tc9PcS51TP8TQTaXVX1Pc9

491 : 62UQ9URaE5dU3Y22Y5d8QdT9c580X5V9XQ8U9QdTRUSQ8UVa2d5005RU9UUdRE0XUQa908Q2YQdW5bU8d3Ud0QdT62UQ9URUbYWY2Qd0

492 : 73VR0VSbF6eV4Z33Z6e9ReU0d69aY6W0YR9V0ReUSVTR9VWb3e6aa6SV0VVeSFaYVRb0a9R3ZReX6cV9e4VeaReU73VR0VSVcZXZ3Rea

493 : 84WSaWTcG7fW514417f0SfVae70bZ7XaZS0WaSfVTWUS0WXc4f7bb7TWaWWfTGbZWScab0S41SfY7dW0f5WfbSfV84WSaWTWd1Y14Sfb

494 : 95XTbXUdH8gX625528gaTgWbf8ac18Yb1TaXbTgWUXVTaXYd5g8cc8UXbXXgUHc1XTdbcaT52TgZ8eXag6XgcTgW95XTbXUXe2Z25Tgc

495 : 06YUcYVeI9hY736639hbUhXcg9bd29Zc2UbYcUhXVYWUbYZe6h9dd9VYcYYhVId2YUecdbU63Uh19fYbh7YhdUhX06YUcYVYf3136Uhd

496 : a7ZVdZWfJ0iZ847740icViYdh0ce301d3VcZdViYWZXVcZ1f7i0ee0WZdZZiWJe3ZVfdecV74Vi20gZci8ZieViYa7ZVdZWZg4247Vie

497 : b81We1XgKaj195885ajdWjZeiadf4a2e4Wd1eWjZX1YWd12g8jaffaX1e11jXKf41WgefdW85Wj3ah1dj91jfWjZb81We1X1h5358Wjf

498 : c92Xf2YhLbk206996bkeXk1fjbeg5b3f5Xe2fXk1Y2ZXe23h9kbggbY2f22kYLg52XhfgeX96Xk4bi2ek02kgXk1c92Xf2Y2i6469Xkg

499 : d03Yg3ZiMcl3a7007clfYl2gkcfh6c4g6Yf3gYl2Z31Yf34i0lchhcZ3g33lZMh63YighfY07Yl5cj3fla3lhYl2d03Yg3Z3j7570Ylh

500 : ea4Zh41jNdm4b8aa8dmgZm3hldgi7d5h7Zg4hZm3142Zg45jamdiid14h44m1Ni74ZjhigZa8Zm6dk4gmb4miZm3ea4Zh414k868aZmi

501 : fb51i52kOen5c9bb9enh1n4imehj8e6i81h5i1n42531h56kbnejje25i55n2Oj851kijh1b91n7el5hnc5nj1n4fb51i525l979b1nj

502 : gc62j63lPfo6d0cc0foi2o5jnfik9f7j92i6j2o53642i67lcofkkf36j66o3Pk962ljki2c02o8fm6iod6ok2o5gc62j636m080c2ok

503 : hd73k74mQgp7eaddagpj3p6kogjl0g8k03j7k3p64753j78mdpgllg47k77p4Ql073mklj3da3p9gn7jpe7pl3p6hd73k747na9ad3pl

504 : ie84l85nRhq8fbeebhqk4q7lphkmah9la4k8l4q75864k89neqhmmh58l88q5Rma84nlmk4eb4q0ho8kqf8qm4q7ie84l858ob0be4qm

505 : jf95m96oSir9gcffcirl5r8mqilnbi0mb5l9m5r86975l90ofrinni69m99r6Snb95omnl5fc5raip9lrg9rn5r8jf95m969pcacf5rn

506 : kg06n07pTjs0hdggdjsm6s9nrjmocjanc6m0n6s97086m0apgsjooj70n00s7Toc06pnom6gd6sbjq0msh0so6s9kg06n070qdbdg6so

507 : lha7oa8qUktaiehhektn7t0osknpdkbod7nao7t08a97nabqhtkppk8aoaat8Upda7qopn7he7tckrantiatp7t0lha7oa8areceh7tp

508 : mib8pb9rVlubjfiifluo8uaptloqelcpe8obp8ua9b08obcriulqql9bpbbu9Vqeb8rpqo8if8udlsboujbuq8uamib8pb9bsfdfi8uq

509 : njc9qc0sWmvckgjjgmvp9vbqumprfmdqf9pcq9vb0ca9pcdsjvmrrm0cqccv0Wrfc9sqrp9jg9vemtcpvkcvr9vbnjc9qc0ctgegj9vr

510 : okd0rdatXnwdlhkkhnwq0wcrvnqsgnerg0qdr0wcadb0qdetkwnssnadrddwaXsgd0trsq0kh0wfnudqwldws0wcokd0rdaduhfhk0ws

511 : pleasebuYoxemillioxraxdsworthofsharesaxdbecarefulxottobeseexbYtheaustraliaxgoverxmextaxdpleasebevigilaxt

512 : qmfbtfcvZpyfnjmmjpysbyetxpsuipgtibsftbyecfdbsfgvmypuupcftffycZuifbvtusbmjbyhpwfsynfyubyeqmfbtfcfwjhjmbyu

513 : rngcugdw1qzgoknnkqztczfuyqtvjqhujctguczfdgectghwnzqvvqdguggzd1vjgcwuvtcnkcziqxgtzogzvczfrngcugdgxkiknczv

514 : sohdvhex2rAhploolrAudAgvzruwkrivkduhvdAgehfduhixoArwwrehvhhAe2wkhdxvwudoldAjryhuAphAwdAgsohdvhehyljlodAw

515 : tpiewify3sBiqmppmsBveBhwAsvxlsjwleviweBhfigevijypBsxxsfiwiiBf3xlieywxvepmeBkszivBqiBxeBhtpiewifizmkmpeBx

516 : uqjfxjgz4tCjrnqqntCwfCixBtwymtkxmfwjxfCigjhfwjkzqCtyytgjxjjCg4ymjfzxywfqnfCltAjwCrjCyfCiuqjfxjgjAnlnqfCy

517 : vrkgykhA5uDksorrouDxgDjyCuxznulyngxkygDjhkigxklArDuzzuhkykkDh5znkgAyzxgrogDmuBkxDskDzgDjvrkgykhkBomorgDz

518 : wslhzliB6vEltpsspvEyhEkzDvyAovmzohylzhEkiljhylmBsEvAAvilzllEi6AolhBzAyhsphEnvClyEtlEAhEkwslhzlilCpnpshEA

519 : xtmiAmjC7wFmuqttqwFziFlAEwzBpwnApizmAiFljmkizmnCtFwBBwjmAmmFj7BpmiCABzitqiFowDmzFumFBiFlxtmiAmjmDqoqtiFB

520 : yunjBnkD8xGnvruurxGAjGmBFxACqxoBqjAnBjGmknljAnoDuGxCCxknBnnGk8CqnjDBCAjurjGpxEnAGvnGCjGmyunjBnknErprujGC

521 : zvokColE9yHowsvvsyHBkHnCGyBDrypCrkBoCkHnlomkBopEvHyDDyloCooHl9DrokECDBkvskHqyFoBHwoHDkHnzvokColoFsqsvkHD

522 : AwplDpmF0zIpxtwwtzIClIoDHzCEszqDslCpDlIompnlCpqFwIzEEzmpDppIm0EsplFDEClwtlIrzGpCIxpIElIoAwplDpmpGtrtwlIE

523 : BxqmEqnGaAJqyuxxuAJDmJpEIADFtArEtmDqEmJpnqomDqrGxJAFFAnqEqqJnaFtqmGEFDmxumJsAHqDJyqJFmJpBxqmEqnqHusuxmJF

524 : CyrnFroHbBKrzvyyvBKEnKqFJBEGuBsFunErFnKqorpnErsHyKBGGBorFrrKobGurnHFGEnyvnKtBIrEKzrKGnKqCyrnFrorIvtvynKG

525 : DzsoGspIcCLsAwzzwCLFoLrGKCFHvCtGvoFsGoLrpsqoFstIzLCHHCpsGssLpcHvsoIGHFozwoLuCJsFLAsLHoLrDzsoGspsJwuwzoLH

526 : EAtpHtqJdDMtBxAAxDMGpMsHLDGIwDuHwpGtHpMsqtrpGtuJAMDIIDqtHttMqdIwtpJHIGpAxpMvDKtGMBtMIpMsEAtpHtqtKxvxApMI

527 : FBuqIurKeENuCyBByENHqNtIMEHJxEvIxqHuIqNtrusqHuvKBNEJJEruIuuNreJxuqKIJHqByqNwELuHNCuNJqNtFBuqIuruLywyBqNJ

528 : GCvrJvsLfFOvDzCCzFOIrOuJNFIKyFwJyrIvJrOusvtrIvwLCOFKKFsvJvvOsfKyvrLJKIrCzrOxFMvIODvOKrOuGCvrJvsvMzxzCrOK

529 : HDwsKwtMgGPwEADDAGPJsPvKOGJLzGxKzsJwKsPvtwusJwxMDPGLLGtwKwwPtgLzwsMKLJsDAsPyGNwJPEwPLsPvHDwsKwtwNAyADsPL

530 : IExtLxuNhHQxFBEEBHQKtQwLPHKMAHyLAtKxLtQwuxvtKxyNEQHMMHuxLxxQuhMAxtNLMKtEBtQzHOxKQFxQMtQwIExtLxuxOBzBEtQM

531 : JFyuMyvOiIRyGCFFCIRLuRxMQILNBIzMBuLyMuRxvywuLyzOFRINNIvyMyyRviNByuOMNLuFCuRAIPyLRGyRNuRxJFyuMyvyPCACFuRN

532 : KGzvNzwPjJSzHDGGDJSMvSyNRJMOCJANCvMzNvSywzxvMzAPGSJOOJwzNzzSwjOCzvPNOMvGDvSBJQzMSHzSOvSyKGzvNzwzQDBDGvSO

533 : LHAwOAxQkKTAIEHHEKTNwTzOSKNPDKBODwNAOwTzxAywNABQHTKPPKxAOAATxkPDAwQOPNwHEwTCKRANTIATPwTzLHAwOAxARECEHwTP

534 : MIBxPByRlLUBJFIIFLUOxUAPTLOQELCPExOBPxUAyBzxOBCRIULQQLyBPBBUylQEBxRPQOxIFxUDLSBOUJBUQxUAMIBxPByBSFDFIxUQ

535 : NJCyQCzSmMVCKGJJGMVPyVBQUMPRFMDQFyPCQyVBzCAyPCDSJVMRRMzCQCCVzmRFCySQRPyJGyVEMTCPVKCVRyVBNJCyQCzCTGEGJyVR

536 : OKDzRDATnNWDLHKKHNWQzWCRVNQSGNERGzQDRzWCADBzQDETKWNSSNADRDDWAnSGDzTRSQzKHzWFNUDQWLDWSzWCOKDzRDADUHFHKzWS

537 : PLEASEBUoOXEMILLIOXRAXDSWORTHOFSHARESAXDBECAREFULXOTTOBESEEXBoTHEAUSTRALIAXGOVERXMEXTAXDPLEASEBEVIGILAXT

538 : QMFBTFCVpPYFNJMMJPYSBYETXPSUIPGTIBSFTBYECFDBSFGVMYPUUPCFTFFYCpUIFBVTUSBMJBYHPWFSYNFYUBYEQMFBTFCFWJHJMBYU

539 : RNGCUGDWqQZGOKNNKQZTCZFUYQTVJQHUJCTGUCZFDGECTGHWNZQVVQDGUGGZDqVJGCWUVTCNKCZIQXGTZOGZVCZFRNGCUGDGXKIKNCZV

540 : SOHDVHEXrR1HPLOOLR1UD1GVZRUWKRIVKDUHVD1GEHFDUHIXO1RWWREHVHH1ErWKHDXVWUDOLD1JRYHU1PH1WD1GSOHDVHEHYLJLOD1W

541 : TPIEWIFYsS2IQMPPMS2VE2HW1SVXLSJWLEVIWE2HFIGEVIJYP2SXXSFIWII2FsXLIEYWXVEPME2KSZIV2QI2XE2HTPIEWIFIZMKMPE2X

542 : UQJFXJGZtT3JRNQQNT3WF3IX2TWYMTKXMFWJXF3IGJHFWJKZQ3TYYTGJXJJ3GtYMJFZXYWFQNF3LT1JW3RJ3YF3IUQJFXJGJ1NLNQF3Y

543 : VRKGYKH1uU4KSORROU4XG4JY3UXZNULYNGXKYG4JHKIGXKL1R4UZZUHKYKK4HuZNKG1YZXGROG4MU2KX4SK4ZG4JVRKGYKHK2OMORG4Z

544 : WSLHZLI2vV5LTPSSPV5YH5KZ4VY1OVMZOHYLZH5KILJHYLM2S5V11VILZLL5Iv1OLH2Z1YHSPH5NV3LY5TL51H5KWSLHZLIL3PNPSH51

545 : XTMI1MJ3wW6MUQTTQW6ZI6L15WZ2PWN1PIZM1I6LJMKIZMN3T6W22WJM1MM6Jw2PMI312ZITQI6OW4MZ6UM62I6LXTMI1MJM4QOQTI62

546 : YUNJ2NK4xX7NVRUURX71J7M26X13QXO2QJ1N2J7MKNLJ1NO4U7X33XKN2NN7Kx3QNJ4231JURJ7PX5N17VN73J7MYUNJ2NKN5RPRUJ73

547 : ZVOK3OL5yY8OWSVVSY82K8N37Y24RYP3RK2O3K8NLOMK2OP5V8Y44YLO3OO8Ly4ROK5342KVSK8QY6O28WO84K8NZVOK3OLO6SQSVK84

548 : 1WPL4PM6zZ9PXTWWTZ93L9O48Z35SZQ4SL3P4L9OMPNL3PQ6W9Z55ZMP4PP9Mz5SPL6453LWTL9RZ7P39XP95L9O1WPL4PMP7TRTWL95

549 : 1WPL4PM6zZ9PXTWWTZ93L9O48Z35SZQ4SL3P4L9OMPNL3PQ6W9Z55ZMP4PP9Mz5SPL6453LWTL9RZ7P39XP95L9O1WPL4PMP7TRTWL95

550 : ZVOK3OL5yY8OWSVVSY82K8N37Y24RYP3RK2O3K8NLOMK2OP5V8Y44YLO3OO8Ly4ROK5342KVSK8QY6O28WO84K8NZVOK3OLO6SQSVK84

551 : YUNJ2NK4xX7NVRUURX71J7M26X13QXO2QJ1N2J7MKNLJ1NO4U7X33XKN2NN7Kx3QNJ4231JURJ7PX5N17VN73J7MYUNJ2NKN5RPRUJ73

552 : XTMI1MJ3wW6MUQTTQW6ZI6L15WZ2PWN1PIZM1I6LJMKIZMN3T6W22WJM1MM6Jw2PMI312ZITQI6OW4MZ6UM62I6LXTMI1MJM4QOQTI62

553 : WSLHZLI2vV5LTPSSPV5YH5KZ4VY1OVMZOHYLZH5KILJHYLM2S5V11VILZLL5Iv1OLH2Z1YHSPH5NV3LY5TL51H5KWSLHZLIL3PNPSH51

554 : VRKGYKH1uU4KSORROU4XG4JY3UXZNULYNGXKYG4JHKIGXKL1R4UZZUHKYKK4HuZNKG1YZXGROG4MU2KX4SK4ZG4JVRKGYKHK2OMORG4Z

555 : UQJFXJGZtT3JRNQQNT3WF3IX2TWYMTKXMFWJXF3IGJHFWJKZQ3TYYTGJXJJ3GtYMJFZXYWFQNF3LT1JW3RJ3YF3IUQJFXJGJ1NLNQF3Y

556 : TPIEWIFYsS2IQMPPMS2VE2HW1SVXLSJWLEVIWE2HFIGEVIJYP2SXXSFIWII2FsXLIEYWXVEPME2KSZIV2QI2XE2HTPIEWIFIZMKMPE2X

557 : SOHDVHEXrR1HPLOOLR1UD1GVZRUWKRIVKDUHVD1GEHFDUHIXO1RWWREHVHH1ErWKHDXVWUDOLD1JRYHU1PH1WD1GSOHDVHEHYLJLOD1W

558 : RNGCUGDWqQZGOKNNKQZTCZFUYQTVJQHUJCTGUCZFDGECTGHWNZQVVQDGUGGZDqVJGCWUVTCNKCZIQXGTZOGZVCZFRNGCUGDGXKIKNCZV

559 : QMFBTFCVpPYFNJMMJPYSBYETXPSUIPGTIBSFTBYECFDBSFGVMYPUUPCFTFFYCpUIFBVTUSBMJBYHPWFSYNFYUBYEQMFBTFCFWJHJMBYU

560 : PLEASEBUoOXEMILLIOXRAXDSWORTHOFSHARESAXDBECAREFULXOTTOBESEEXBoTHEAUSTRALIAXGOVERXMEXTAXDPLEASEBEVIGILAXT

561 : OKDzRDATnNWDLHKKHNWQzWCRVNQSGNERGzQDRzWCADBzQDETKWNSSNADRDDWAnSGDzTRSQzKHzWFNUDQWLDWSzWCOKDzRDADUHFHKzWS

562 : NJCyQCzSmMVCKGJJGMVPyVBQUMPRFMDQFyPCQyVBzCAyPCDSJVMRRMzCQCCVzmRFCySQRPyJGyVEMTCPVKCVRyVBNJCyQCzCTGEGJyVR

563 : MIBxPByRlLUBJFIIFLUOxUAPTLOQELCPExOBPxUAyBzxOBCRIULQQLyBPBBUylQEBxRPQOxIFxUDLSBOUJBUQxUAMIBxPByBSFDFIxUQ

564 : LHAwOAxQkKTAIEHHEKTNwTzOSKNPDKBODwNAOwTzxAywNABQHTKPPKxAOAATxkPDAwQOPNwHEwTCKRANTIATPwTzLHAwOAxARECEHwTP

565 : KGzvNzwPjJSzHDGGDJSMvSyNRJMOCJANCvMzNvSywzxvMzAPGSJOOJwzNzzSwjOCzvPNOMvGDvSBJQzMSHzSOvSyKGzvNzwzQDBDGvSO

566 : JFyuMyvOiIRyGCFFCIRLuRxMQILNBIzMBuLyMuRxvywuLyzOFRINNIvyMyyRviNByuOMNLuFCuRAIPyLRGyRNuRxJFyuMyvyPCACFuRN

567 : IExtLxuNhHQxFBEEBHQKtQwLPHKMAHyLAtKxLtQwuxvtKxyNEQHMMHuxLxxQuhMAxtNLMKtEBtQzHOxKQFxQMtQwIExtLxuxOBzBEtQM

568 : HDwsKwtMgGPwEADDAGPJsPvKOGJLzGxKzsJwKsPvtwusJwxMDPGLLGtwKwwPtgLzwsMKLJsDAsPyGNwJPEwPLsPvHDwsKwtwNAyADsPL

569 : GCvrJvsLfFOvDzCCzFOIrOuJNFIKyFwJyrIvJrOusvtrIvwLCOFKKFsvJvvOsfKyvrLJKIrCzrOxFMvIODvOKrOuGCvrJvsvMzxzCrOK

570 : FBuqIurKeENuCyBByENHqNtIMEHJxEvIxqHuIqNtrusqHuvKBNEJJEruIuuNreJxuqKIJHqByqNwELuHNCuNJqNtFBuqIuruLywyBqNJ

571 : EAtpHtqJdDMtBxAAxDMGpMsHLDGIwDuHwpGtHpMsqtrpGtuJAMDIIDqtHttMqdIwtpJHIGpAxpMvDKtGMBtMIpMsEAtpHtqtKxvxApMI

572 : DzsoGspIcCLsAwzzwCLFoLrGKCFHvCtGvoFsGoLrpsqoFstIzLCHHCpsGssLpcHvsoIGHFozwoLuCJsFLAsLHoLrDzsoGspsJwuwzoLH

573 : CyrnFroHbBKrzvyyvBKEnKqFJBEGuBsFunErFnKqorpnErsHyKBGGBorFrrKobGurnHFGEnyvnKtBIrEKzrKGnKqCyrnFrorIvtvynKG

574 : BxqmEqnGaAJqyuxxuAJDmJpEIADFtArEtmDqEmJpnqomDqrGxJAFFAnqEqqJnaFtqmGEFDmxumJsAHqDJyqJFmJpBxqmEqnqHusuxmJF

575 : AwplDpmF0zIpxtwwtzIClIoDHzCEszqDslCpDlIompnlCpqFwIzEEzmpDppIm0EsplFDEClwtlIrzGpCIxpIElIoAwplDpmpGtrtwlIE

576 : zvokColE9yHowsvvsyHBkHnCGyBDrypCrkBoCkHnlomkBopEvHyDDyloCooHl9DrokECDBkvskHqyFoBHwoHDkHnzvokColoFsqsvkHD

577 : yunjBnkD8xGnvruurxGAjGmBFxACqxoBqjAnBjGmknljAnoDuGxCCxknBnnGk8CqnjDBCAjurjGpxEnAGvnGCjGmyunjBnknErprujGC

578 : xtmiAmjC7wFmuqttqwFziFlAEwzBpwnApizmAiFljmkizmnCtFwBBwjmAmmFj7BpmiCABzitqiFowDmzFumFBiFlxtmiAmjmDqoqtiFB

579 : wslhzliB6vEltpsspvEyhEkzDvyAovmzohylzhEkiljhylmBsEvAAvilzllEi6AolhBzAyhsphEnvClyEtlEAhEkwslhzlilCpnpshEA

580 : vrkgykhA5uDksorrouDxgDjyCuxznulyngxkygDjhkigxklArDuzzuhkykkDh5znkgAyzxgrogDmuBkxDskDzgDjvrkgykhkBomorgDz

581 : uqjfxjgz4tCjrnqqntCwfCixBtwymtkxmfwjxfCigjhfwjkzqCtyytgjxjjCg4ymjfzxywfqnfCltAjwCrjCyfCiuqjfxjgjAnlnqfCy

582 : tpiewify3sBiqmppmsBveBhwAsvxlsjwleviweBhfigevijypBsxxsfiwiiBf3xlieywxvepmeBkszivBqiBxeBhtpiewifizmkmpeBx

583 : sohdvhex2rAhploolrAudAgvzruwkrivkduhvdAgehfduhixoArwwrehvhhAe2wkhdxvwudoldAjryhuAphAwdAgsohdvhehyljlodAw

584 : rngcugdw1qzgoknnkqztczfuyqtvjqhujctguczfdgectghwnzqvvqdguggzd1vjgcwuvtcnkcziqxgtzogzvczfrngcugdgxkiknczv

585 : qmfbtfcvZpyfnjmmjpysbyetxpsuipgtibsftbyecfdbsfgvmypuupcftffycZuifbvtusbmjbyhpwfsynfyubyeqmfbtfcfwjhjmbyu

586 : pleasebuYoxemillioxraxdsworthofsharesaxdbecarefulxottobeseexbYtheaustraliaxgoverxmextaxdpleasebevigilaxt

587 : okd0rdatXnwdlhkkhnwq0wcrvnqsgnerg0qdr0wcadb0qdetkwnssnadrddwaXsgd0trsq0kh0wfnudqwldws0wcokd0rdaduhfhk0ws

588 : njc9qc0sWmvckgjjgmvp9vbqumprfmdqf9pcq9vb0ca9pcdsjvmrrm0cqccv0Wrfc9sqrp9jg9vemtcpvkcvr9vbnjc9qc0ctgegj9vr

589 : mib8pb9rVlubjfiifluo8uaptloqelcpe8obp8ua9b08obcriulqql9bpbbu9Vqeb8rpqo8if8udlsboujbuq8uamib8pb9bsfdfi8uq

590 : lha7oa8qUktaiehhektn7t0osknpdkbod7nao7t08a97nabqhtkppk8aoaat8Upda7qopn7he7tckrantiatp7t0lha7oa8areceh7tp

591 : kg06n07pTjs0hdggdjsm6s9nrjmocjanc6m0n6s97086m0apgsjooj70n00s7Toc06pnom6gd6sbjq0msh0so6s9kg06n070qdbdg6so

592 : jf95m96oSir9gcffcirl5r8mqilnbi0mb5l9m5r86975l90ofrinni69m99r6Snb95omnl5fc5raip9lrg9rn5r8jf95m969pcacf5rn

593 : ie84l85nRhq8fbeebhqk4q7lphkmah9la4k8l4q75864k89neqhmmh58l88q5Rma84nlmk4eb4q0ho8kqf8qm4q7ie84l858ob0be4qm

594 : hd73k74mQgp7eaddagpj3p6kogjl0g8k03j7k3p64753j78mdpgllg47k77p4Ql073mklj3da3p9gn7jpe7pl3p6hd73k747na9ad3pl

595 : gc62j63lPfo6d0cc0foi2o5jnfik9f7j92i6j2o53642i67lcofkkf36j66o3Pk962ljki2c02o8fm6iod6ok2o5gc62j636m080c2ok

596 : fb51i52kOen5c9bb9enh1n4imehj8e6i81h5i1n42531h56kbnejje25i55n2Oj851kijh1b91n7el5hnc5nj1n4fb51i525l979b1nj

597 : ea4Zh41jNdm4b8aa8dmgZm3hldgi7d5h7Zg4hZm3142Zg45jamdiid14h44m1Ni74ZjhigZa8Zm6dk4gmb4miZm3ea4Zh414k868aZmi

598 : d03Yg3ZiMcl3a7007clfYl2gkcfh6c4g6Yf3gYl2Z31Yf34i0lchhcZ3g33lZMh63YighfY07Yl5cj3fla3lhYl2d03Yg3Z3j7570Ylh

599 : c92Xf2YhLbk206996bkeXk1fjbeg5b3f5Xe2fXk1Y2ZXe23h9kbggbY2f22kYLg52XhfgeX96Xk4bi2ek02kgXk1c92Xf2Y2i6469Xkg

600 : b81We1XgKaj195885ajdWjZeiadf4a2e4Wd1eWjZX1YWd12g8jaffaX1e11jXKf41WgefdW85Wj3ah1dj91jfWjZb81We1X1h5358Wjf

601 : a7ZVdZWfJ0iZ847740icViYdh0ce301d3VcZdViYWZXVcZ1f7i0ee0WZdZZiWJe3ZVfdecV74Vi20gZci8ZieViYa7ZVdZWZg4247Vie

602 : 06YUcYVeI9hY736639hbUhXcg9bd29Zc2UbYcUhXVYWUbYZe6h9dd9VYcYYhVId2YUecdbU63Uh19fYbh7YhdUhX06YUcYVYf3136Uhd

603 : 95XTbXUdH8gX625528gaTgWbf8ac18Yb1TaXbTgWUXVTaXYd5g8cc8UXbXXgUHc1XTdbcaT52TgZ8eXag6XgcTgW95XTbXUXe2Z25Tgc

604 : 84WSaWTcG7fW514417f0SfVae70bZ7XaZS0WaSfVTWUS0WXc4f7bb7TWaWWfTGbZWScab0S41SfY7dW0f5WfbSfV84WSaWTWd1Y14Sfb

605 : 73VR0VSbF6eV4Z33Z6e9ReU0d69aY6W0YR9V0ReUSVTR9VWb3e6aa6SV0VVeSFaYVRb0a9R3ZReX6cV9e4VeaReU73VR0VSVcZXZ3Rea

606 : 62UQ9URaE5dU3Y22Y5d8QdT9c580X5V9XQ8U9QdTRUSQ8UVa2d5005RU9UUdRE0XUQa908Q2YQdW5bU8d3Ud0QdT62UQ9URUbYWY2Qd0

607 : 51TP8TQ0D4cT2X11X4c7PcS8b479W4U8WP7T8PcSQTRP7TU01c4994QT8TTcQD9WTP0897P1XPcV4aT7c2Tc9PcS51TP8TQTaXVX1Pc9

608 : 4ZSO7SP9C3bS1WZZW3b6ObR7a368V3T7VO6S7ObRPSQO6ST9Zb3883PS7SSbPC8VSO9786OZWObU30S6b1Sb8ObR4ZSO7SPS0WUWZOb8

609 : 3YRN6RO8B2aRZVYYV2a5NaQ60257U2S6UN5R6NaQORPN5RS8Ya2772OR6RRaOB7URN8675NYVNaT29R5aZRa7NaQ3YRN6ROR9VTVYNa7

610 : 3YRN6RO8B2ARZVYYV2A5NAQ60257U2S6UN5R6NAQORPN5RS8YA2772OR6RRAOB7URN8675NYVNAT29R5AZRA7NAQ3YRN6ROR9VTVYNA7

611 : 4ZSO7SP9C3BSaWZZW3B6OBR7A368V3T7VO6S7OBRPSQO6ST9ZB3883PS7SSBPC8VSO9786OZWOBU30S6BaSB8OBR4ZSO7SPS0WUWZOB8

612 : 5aTP8TQ0D4CTbXaaX4C7PCS8B479W4U8WP7T8PCSQTRP7TU0aC4994QT8TTCQD9WTP0897PaXPCV4AT7CbTC9PCS5aTP8TQTAXVXaPC9

613 : 6bUQ9URAE5DUcYbbY5D8QDT9C580X5V9XQ8U9QDTRUSQ8UVAbD5005RU9UUDRE0XUQA908QbYQDW5BU8DcUD0QDT6bUQ9URUBYWYbQD0

614 : 7cVR0VSBF6EVdZccZ6E9REU0D69AY6W0YR9V0REUSVTR9VWBcE6AA6SV0VVESFAYVRB0A9RcZREX6CV9EdVEAREU7cVR0VSVCZXZcREA

615 : 8dWSAWTCG7FWeadda7F0SFVAE70BZ7XAZS0WASFVTWUS0WXCdF7BB7TWAWWFTGBZWSCAB0SdaSFY7DW0FeWFBSFV8dWSAWTWDaYadSFB

616 : 9eXTBXUDH8GXfbeeb8GATGWBF8ACa8YBaTAXBTGWUXVTAXYDeG8CC8UXBXXGUHCaXTDBCATebTGZ8EXAGfXGCTGW9eXTBXUXEbZbeTGC

617 : 0fYUCYVEI9HYgcffc9HBUHXCG9BDb9ZCbUBYCUHXVYWUBYZEfH9DD9VYCYYHVIDbYUECDBUfcUHa9FYBHgYHDUHX0fYUCYVYFcacfUHD

618 : AgZVDZWFJ0IZhdggd0ICVIYDH0CEc0aDcVCZDVIYWZXVCZaFgI0EE0WZDZZIWJEcZVFDECVgdVIb0GZCIhZIEVIYAgZVDZWZGdbdgVIE

619 : BhaWEaXGKAJaiehheAJDWJZEIADFdAbEdWDaEWJZXaYWDabGhJAFFAXaEaaJXKFdaWGEFDWheWJcAHaDJiaJFWJZBhaWEaXaHecehWJF

620 : CibXFbYHLBKbjfiifBKEXKaFJBEGeBcFeXEbFXKaYbZXEbcHiKBGGBYbFbbKYLGebXHFGEXifXKdBIbEKjbKGXKaCibXFbYbIfdfiXKG

621 : DjcYGcZIMCLckgjjgCLFYLbGKCFHfCdGfYFcGYLbZcaYFcdIjLCHHCZcGccLZMHfcYIGHFYjgYLeCJcFLkcLHYLbDjcYGcZcJgegjYLH

622 : EkdZHdaJNDMdlhkkhDMGZMcHLDGIgDeHgZGdHZMcadbZGdeJkMDIIDadHddMaNIgdZJHIGZkhZMfDKdGMldMIZMcEkdZHdadKhfhkZMI

623 : FleaIebKOENemilliENHaNdIMEHJhEfIhaHeIaNdbecaHefKlNEJJEbeIeeNbOJheaKIJHaliaNgELeHNmeNJaNdFleaIebeLigilaNJ

624 : GmfbJfcLPFOfnjmmjFOIbOeJNFIKiFgJibIfJbOecfdbIfgLmOFKKFcfJffOcPKifbLJKIbmjbOhFMfIOnfOKbOeGmfbJfcfMjhjmbOK

625 : HngcKgdMQGPgoknnkGPJcPfKOGJLjGhKjcJgKcPfdgecJghMnPGLLGdgKggPdQLjgcMKLJcnkcPiGNgJPogPLcPfHngcKgdgNkikncPL

626 : IohdLheNRHQhploolHQKdQgLPHKMkHiLkdKhLdQgehfdKhiNoQHMMHehLhhQeRMkhdNLMKdoldQjHOhKQphQMdQgIohdLhehOljlodQM

627 : JpieMifOSIRiqmppmIRLeRhMQILNlIjMleLiMeRhfigeLijOpRINNIfiMiiRfSNlieOMNLepmeRkIPiLRqiRNeRhJpieMifiPmkmpeRN

628 : KqjfNjgPTJSjrnqqnJSMfSiNRJMOmJkNmfMjNfSigjhfMjkPqSJOOJgjNjjSgTOmjfPNOMfqnfSlJQjMSrjSOfSiKqjfNjgjQnlnqfSO

629 : LrkgOkhQUKTksorroKTNgTjOSKNPnKlOngNkOgTjhkigNklQrTKPPKhkOkkThUPnkgQOPNgrogTmKRkNTskTPgTjLrkgOkhkRomorgTP

630 : MslhPliRVLUltpsspLUOhUkPTLOQoLmPohOlPhUkiljhOlmRsULQQLilPllUiVQolhRPQOhsphUnLSlOUtlUQhUkMslhPlilSpnpshUQ

631 : NtmiQmjSWMVmuqttqMVPiVlQUMPRpMnQpiPmQiVljmkiPmnStVMRRMjmQmmVjWRpmiSQRPitqiVoMTmPVumVRiVlNtmiQmjmTqoqtiVR

632 : OunjRnkTXNWnvruurNWQjWmRVNQSqNoRqjQnRjWmknljQnoTuWNSSNknRnnWkXSqnjTRSQjurjWpNUnQWvnWSjWmOunjRnknUrprujWS

633 : PvokSolUYOXowsvvsOXRkXnSWORTrOpSrkRoSkXnlomkRopUvXOTTOloSooXlYTrokUSTRkvskXqOVoRXwoXTkXnPvokSoloVsqsvkXT

634 : QwplTpmVZPYpxtwwtPYSlYoTXPSUsPqTslSpTlYompnlSpqVwYPUUPmpTppYmZUsplVTUSlwtlYrPWpSYxpYUlYoQwplTpmpWtrtwlYU

635 : RxqmUqnWaQZqyuxxuQZTmZpUYQTVtQrUtmTqUmZpnqomTqrWxZQVVQnqUqqZnaVtqmWUVTmxumZsQXqTZyqZVmZpRxqmUqnqXusuxmZV

636 : SyrnVroXbRarzvyyvRaUnaqVZRUWuRsVunUrVnaqorpnUrsXyaRWWRorVrraobWurnXVWUnyvnatRYrUazraWnaqSyrnVrorYvtvynaW

637 : TzsoWspYcSbs1wzzwSbVobrWaSVXvStWvoVsWobrpsqoVstYzbSXXSpsWssbpcXvsoYWXVozwobuSZsVb1sbXobrTzsoWspsZwuwzobX

638 : U1tpXtqZdTct2x11xTcWpcsXbTWYwTuXwpWtXpcsqtrpWtuZ1cTYYTqtXttcqdYwtpZXYWp1xpcvTatWc2tcYpcsU1tpXtqtaxvx1pcY

639 : V2uqYuraeUdu3y22yUdXqdtYcUXZxUvYxqXuYqdtrusqXuva2dUZZUruYuudreZxuqaYZXq2yqdwUbuXd3udZqdtV2uqYurubywy2qdZ

640 : W3vrZvsbfVev4z33zVeYreuZdVYayVwZyrYvZreusvtrYvwb3eVaaVsvZvvesfayvrbZaYr3zrexVcvYe4veareuW3vrZvsvczxz3rea

641 : X4wsawtcgWfw51441WfZsfvaeWZbzWxazsZwasfvtwusZwxc4fWbbWtwawwftgbzwscabZs41sfyWdwZf5wfbsfvX4wsawtwd1y14sfb

642 : Y5xtbxudhXgx62552XgatgwbfXac1Xyb1taxbtgwuxvtaxyd5gXccXuxbxxguhc1xtdbcat52tgzXexag6xgctgwY5xtbxuxe2z25tgc

643 : Z6yucyveiYhy73663YhbuhxcgYbd2Yzc2ubycuhxvywubyze6hYddYvycyyhvid2yuecdbu63uh1Yfybh7yhduhxZ6yucyvyf3136uhd

644 : a7zvdzwfjZiz84774ZicviydhZce3Z1d3vczdviywzxvcz1f7iZeeZwzdzziwje3zvfdecv74vi2Zgzci8zieviya7zvdzwzg4247vie

645 : b81we1xgkaj195885ajdwjzeiadf4a2e4wd1ewjzx1ywd12g8jaffax1e11jxkf41wgefdw85wj3ah1dj91jfwjzb81we1x1h5358wjf

646 : c92xf2yhlbk206996bkexk1fjbeg5b3f5xe2fxk1y2zxe23h9kbggby2f22kylg52xhfgex96xk4bi2ek02kgxk1c92xf2y2i6469xkg

647 : d03yg3zimcl3A7007clfyl2gkcfh6c4g6yf3gyl2z31yf34i0lchhcz3g33lzmh63yighfy07yl5cj3flA3lhyl2d03yg3z3j7570ylh

648 : eA4zh41jndm4B8AA8dmgzm3hldgi7d5h7zg4hzm3142zg45jAmdiid14h44m1ni74zjhigzA8zm6dk4gmB4mizm3eA4zh414k868Azmi

649 : fB51i52koen5C9BB9enh1n4imehj8e6i81h5i1n42531h56kBnejje25i55n2oj851kijh1B91n7el5hnC5nj1n4fB51i525l979B1nj

650 : gC62j63lpfo6D0CC0foi2o5jnfik9f7j92i6j2o53642i67lCofkkf36j66o3pk962ljki2C02o8fm6ioD6ok2o5gC62j636m080C2ok

651 : hD73k74mqgp7EADDAgpj3p6kogjl0g8k03j7k3p64753j78mDpgllg47k77p4ql073mklj3DA3p9gn7jpE7pl3p6hD73k747nA9AD3pl

652 : iE84l85nrhq8FBEEBhqk4q7lphkmAh9lA4k8l4q75864k89nEqhmmh58l88q5rmA84nlmk4EB4q0ho8kqF8qm4q7iE84l858oB0BE4qm

653 : jF95m96osir9GCFFCirl5r8mqilnBi0mB5l9m5r86975l90oFrinni69m99r6snB95omnl5FC5rAip9lrG9rn5r8jF95m969pCACF5rn

654 : kG06n07ptjs0HDGGDjsm6s9nrjmoCjAnC6m0n6s97086m0ApGsjooj70n00s7toC06pnom6GD6sBjq0msH0so6s9kG06n070qDBDG6so

655 : lHA7oA8quktAIEHHEktn7t0osknpDkBoD7nAo7t08A97nABqHtkppk8AoAAt8upDA7qopn7HE7tCkrAntIAtp7t0lHA7oA8ArECEH7tp

656 : mIB8pB9rvluBJFIIFluo8uAptloqElCpE8oBp8uA9B08oBCrIulqql9BpBBu9vqEB8rpqo8IF8uDlsBouJBuq8uAmIB8pB9BsFDFI8uq

657 : nJC9qC0swmvCKGJJGmvp9vBqumprFmDqF9pCq9vB0CA9pCDsJvmrrm0CqCCv0wrFC9sqrp9JG9vEmtCpvKCvr9vBnJC9qC0CtGEGJ9vr

658 : oKD0rDAtxnwDLHKKHnwq0wCrvnqsGnErG0qDr0wCADB0qDEtKwnssnADrDDwAxsGD0trsq0KH0wFnuDqwLDws0wCoKD0rDADuHFHK0ws

659 : pLEAsEBuyoxEMILLIoxrAxDswortHoFsHArEsAxDBECArEFuLxottoBEsEExBytHEAustrALIAxGovErxMExtAxDpLEAsEBEvIGILAxt

660 : qMFBtFCvzpyFNJMMJpysByEtxpsuIpGtIBsFtByECFDBsFGvMypuupCFtFFyCzuIFBvtusBMJByHpwFsyNFyuByEqMFBtFCFwJHJMByu

661 : rNGCuGDw1qzGOKNNKqztCzFuyqtvJqHuJCtGuCzFDGECtGHwNzqvvqDGuGGzD1vJGCwuvtCNKCzIqxGtzOGzvCzFrNGCuGDGxKIKNCzv

662 : sOHDvHEx2r1HPLOOLr1uD1GvzruwKrIvKDuHvD1GEHFDuHIxO1rwwrEHvHH1E2wKHDxvwuDOLD1JryHu1PH1wD1GsOHDvHEHyLJLOD1w

663 : tPIEwIFy3s2IQMPPMs2vE2Hw1svxLsJwLEvIwE2HFIGEvIJyP2sxxsFIwII2F3xLIEywxvEPME2KszIv2QI2xE2HtPIEwIFIzMKMPE2x

664 : uQJFxJGz4t3JRNQQNt3wF3Ix2twyMtKxMFwJxF3IGJHFwJKzQ3tyytGJxJJ3G4yMJFzxywFQNF3Lt1Jw3RJ3yF3IuQJFxJGJ1NLNQF3y

665 : vRKGyKH15u4KSORROu4xG4Jy3uxzNuLyNGxKyG4JHKIGxKL1R4uzzuHKyKK4H5zNKG1yzxGROG4Mu2Kx4SK4zG4JvRKGyKHK2OMORG4z

666 : wSLHzLI26v5LTPSSPv5yH5Kz4vy1OvMzOHyLzH5KILJHyLM2S5v11vILzLL5I61OLH2z1yHSPH5Nv3Ly5TL51H5KwSLHzLIL3PNPSH51

667 : xTMI1MJ37w6MUQTTQw6zI6L15wz2PwN1PIzM1I6LJMKIzMN3T6w22wJM1MM6J72PMI312zITQI6Ow4Mz6UM62I6LxTMI1MJM4QOQTI62

668 : yUNJ2NK48x7NVRUURx71J7M26x13QxO2QJ1N2J7MKNLJ1NO4U7x33xKN2NN7K83QNJ4231JURJ7Px5N17VN73J7MyUNJ2NKN5RPRUJ73

669 : zVOK3OL59y8OWSVVSy82K8N37y24RyP3RK2O3K8NLOMK2OP5V8y44yLO3OO8L94ROK5342KVSK8Qy6O28WO84K8NzVOK3OLO6SQSVK84

670 : 1WPL4PM60z9PXTWWTz93L9O48z35SzQ4SL3P4L9OMPNL3PQ6W9z55zMP4PP9M05SPL6453LWTL9Rz7P39XP95L9O1WPL4PMP7TRTWL95

671 : 1WPL4PM60z9PXTWWTz93L9O48z35SzQ4SL3P4L9OMPNL3PQ6W9z55zMP4PP9M05SPL6453LWTL9Rz7P39XP95L9O1WPL4PMP7TRTWL95

672 : zVOK3OL59y8OWSVVSy82K8N37y24RyP3RK2O3K8NLOMK2OP5V8y44yLO3OO8L94ROK5342KVSK8Qy6O28WO84K8NzVOK3OLO6SQSVK84

673 : yUNJ2NK48x7NVRUURx71J7M26x13QxO2QJ1N2J7MKNLJ1NO4U7x33xKN2NN7K83QNJ4231JURJ7Px5N17VN73J7MyUNJ2NKN5RPRUJ73

674 : xTMI1MJ37w6MUQTTQw6zI6L15wz2PwN1PIzM1I6LJMKIzMN3T6w22wJM1MM6J72PMI312zITQI6Ow4Mz6UM62I6LxTMI1MJM4QOQTI62

675 : wSLHzLI26v5LTPSSPv5yH5Kz4vy1OvMzOHyLzH5KILJHyLM2S5v11vILzLL5I61OLH2z1yHSPH5Nv3Ly5TL51H5KwSLHzLIL3PNPSH51

676 : vRKGyKH15u4KSORROu4xG4Jy3uxzNuLyNGxKyG4JHKIGxKL1R4uzzuHKyKK4H5zNKG1yzxGROG4Mu2Kx4SK4zG4JvRKGyKHK2OMORG4z

677 : uQJFxJGz4t3JRNQQNt3wF3Ix2twyMtKxMFwJxF3IGJHFwJKzQ3tyytGJxJJ3G4yMJFzxywFQNF3Lt1Jw3RJ3yF3IuQJFxJGJ1NLNQF3y

678 : tPIEwIFy3s2IQMPPMs2vE2Hw1svxLsJwLEvIwE2HFIGEvIJyP2sxxsFIwII2F3xLIEywxvEPME2KszIv2QI2xE2HtPIEwIFIzMKMPE2x

679 : sOHDvHEx2r1HPLOOLr1uD1GvzruwKrIvKDuHvD1GEHFDuHIxO1rwwrEHvHH1E2wKHDxvwuDOLD1JryHu1PH1wD1GsOHDvHEHyLJLOD1w

680 : rNGCuGDw1qzGOKNNKqztCzFuyqtvJqHuJCtGuCzFDGECtGHwNzqvvqDGuGGzD1vJGCwuvtCNKCzIqxGtzOGzvCzFrNGCuGDGxKIKNCzv

681 : qMFBtFCvzpyFNJMMJpysByEtxpsuIpGtIBsFtByECFDBsFGvMypuupCFtFFyCzuIFBvtusBMJByHpwFsyNFyuByEqMFBtFCFwJHJMByu

682 : pLEAsEBuyoxEMILLIoxrAxDswortHoFsHArEsAxDBECArEFuLxottoBEsEExBytHEAustrALIAxGovErxMExtAxDpLEAsEBEvIGILAxt

683 : oKD0rDAtxnwDLHKKHnwq0wCrvnqsGnErG0qDr0wCADB0qDEtKwnssnADrDDwAxsGD0trsq0KH0wFnuDqwLDws0wCoKD0rDADuHFHK0ws

684 : nJC9qC0swmvCKGJJGmvp9vBqumprFmDqF9pCq9vB0CA9pCDsJvmrrm0CqCCv0wrFC9sqrp9JG9vEmtCpvKCvr9vBnJC9qC0CtGEGJ9vr

685 : mIB8pB9rvluBJFIIFluo8uAptloqElCpE8oBp8uA9B08oBCrIulqql9BpBBu9vqEB8rpqo8IF8uDlsBouJBuq8uAmIB8pB9BsFDFI8uq

686 : lHA7oA8quktAIEHHEktn7t0osknpDkBoD7nAo7t08A97nABqHtkppk8AoAAt8upDA7qopn7HE7tCkrAntIAtp7t0lHA7oA8ArECEH7tp

687 : kG06n07ptjs0HDGGDjsm6s9nrjmoCjAnC6m0n6s97086m0ApGsjooj70n00s7toC06pnom6GD6sBjq0msH0so6s9kG06n070qDBDG6so

688 : jF95m96osir9GCFFCirl5r8mqilnBi0mB5l9m5r86975l90oFrinni69m99r6snB95omnl5FC5rAip9lrG9rn5r8jF95m969pCACF5rn

689 : iE84l85nrhq8FBEEBhqk4q7lphkmAh9lA4k8l4q75864k89nEqhmmh58l88q5rmA84nlmk4EB4q0ho8kqF8qm4q7iE84l858oB0BE4qm

690 : hD73k74mqgp7EADDAgpj3p6kogjl0g8k03j7k3p64753j78mDpgllg47k77p4ql073mklj3DA3p9gn7jpE7pl3p6hD73k747nA9AD3pl

691 : gC62j63lpfo6D0CC0foi2o5jnfik9f7j92i6j2o53642i67lCofkkf36j66o3pk962ljki2C02o8fm6ioD6ok2o5gC62j636m080C2ok

692 : fB51i52koen5C9BB9enh1n4imehj8e6i81h5i1n42531h56kBnejje25i55n2oj851kijh1B91n7el5hnC5nj1n4fB51i525l979B1nj

693 : eA4zh41jndm4B8AA8dmgzm3hldgi7d5h7zg4hzm3142zg45jAmdiid14h44m1ni74zjhigzA8zm6dk4gmB4mizm3eA4zh414k868Azmi

694 : d03yg3zimcl3A7007clfyl2gkcfh6c4g6yf3gyl2z31yf34i0lchhcz3g33lzmh63yighfy07yl5cj3flA3lhyl2d03yg3z3j7570ylh

695 : c92xf2yhlbk206996bkexk1fjbeg5b3f5xe2fxk1y2zxe23h9kbggby2f22kylg52xhfgex96xk4bi2ek02kgxk1c92xf2y2i6469xkg

696 : b81we1xgkaj195885ajdwjzeiadf4a2e4wd1ewjzx1ywd12g8jaffax1e11jxkf41wgefdw85wj3ah1dj91jfwjzb81we1x1h5358wjf

697 : a7zvdzwfjZiz84774ZicviydhZce3Z1d3vczdviywzxvcz1f7iZeeZwzdzziwje3zvfdecv74vi2Zgzci8zieviya7zvdzwzg4247vie

698 : Z6yucyveiYhy73663YhbuhxcgYbd2Yzc2ubycuhxvywubyze6hYddYvycyyhvid2yuecdbu63uh1Yfybh7yhduhxZ6yucyvyf3136uhd

699 : Y5xtbxudhXgx62552XgatgwbfXac1Xyb1taxbtgwuxvtaxyd5gXccXuxbxxguhc1xtdbcat52tgzXexag6xgctgwY5xtbxuxe2z25tgc

700 : X4wsawtcgWfw51441WfZsfvaeWZbzWxazsZwasfvtwusZwxc4fWbbWtwawwftgbzwscabZs41sfyWdwZf5wfbsfvX4wsawtwd1y14sfb

701 : W3vrZvsbfVev4z33zVeYreuZdVYayVwZyrYvZreusvtrYvwb3eVaaVsvZvvesfayvrbZaYr3zrexVcvYe4veareuW3vrZvsvczxz3rea

702 : V2uqYuraeUdu3y22yUdXqdtYcUXZxUvYxqXuYqdtrusqXuva2dUZZUruYuudreZxuqaYZXq2yqdwUbuXd3udZqdtV2uqYurubywy2qdZ

703 : U1tpXtqZdTct2x11xTcWpcsXbTWYwTuXwpWtXpcsqtrpWtuZ1cTYYTqtXttcqdYwtpZXYWp1xpcvTatWc2tcYpcsU1tpXtqtaxvx1pcY

704 : TzsoWspYcSbs1wzzwSbVobrWaSVXvStWvoVsWobrpsqoVstYzbSXXSpsWssbpcXvsoYWXVozwobuSZsVb1sbXobrTzsoWspsZwuwzobX

705 : SyrnVroXbRarzvyyvRaUnaqVZRUWuRsVunUrVnaqorpnUrsXyaRWWRorVrraobWurnXVWUnyvnatRYrUazraWnaqSyrnVrorYvtvynaW

706 : RxqmUqnWaQZqyuxxuQZTmZpUYQTVtQrUtmTqUmZpnqomTqrWxZQVVQnqUqqZnaVtqmWUVTmxumZsQXqTZyqZVmZpRxqmUqnqXusuxmZV

707 : QwplTpmVZPYpxtwwtPYSlYoTXPSUsPqTslSpTlYompnlSpqVwYPUUPmpTppYmZUsplVTUSlwtlYrPWpSYxpYUlYoQwplTpmpWtrtwlYU

708 : PvokSolUYOXowsvvsOXRkXnSWORTrOpSrkRoSkXnlomkRopUvXOTTOloSooXlYTrokUSTRkvskXqOVoRXwoXTkXnPvokSoloVsqsvkXT

709 : OunjRnkTXNWnvruurNWQjWmRVNQSqNoRqjQnRjWmknljQnoTuWNSSNknRnnWkXSqnjTRSQjurjWpNUnQWvnWSjWmOunjRnknUrprujWS

710 : NtmiQmjSWMVmuqttqMVPiVlQUMPRpMnQpiPmQiVljmkiPmnStVMRRMjmQmmVjWRpmiSQRPitqiVoMTmPVumVRiVlNtmiQmjmTqoqtiVR

711 : MslhPliRVLUltpsspLUOhUkPTLOQoLmPohOlPhUkiljhOlmRsULQQLilPllUiVQolhRPQOhsphUnLSlOUtlUQhUkMslhPlilSpnpshUQ

712 : LrkgOkhQUKTksorroKTNgTjOSKNPnKlOngNkOgTjhkigNklQrTKPPKhkOkkThUPnkgQOPNgrogTmKRkNTskTPgTjLrkgOkhkRomorgTP

713 : KqjfNjgPTJSjrnqqnJSMfSiNRJMOmJkNmfMjNfSigjhfMjkPqSJOOJgjNjjSgTOmjfPNOMfqnfSlJQjMSrjSOfSiKqjfNjgjQnlnqfSO

714 : JpieMifOSIRiqmppmIRLeRhMQILNlIjMleLiMeRhfigeLijOpRINNIfiMiiRfSNlieOMNLepmeRkIPiLRqiRNeRhJpieMifiPmkmpeRN

715 : IohdLheNRHQhploolHQKdQgLPHKMkHiLkdKhLdQgehfdKhiNoQHMMHehLhhQeRMkhdNLMKdoldQjHOhKQphQMdQgIohdLhehOljlodQM

716 : HngcKgdMQGPgoknnkGPJcPfKOGJLjGhKjcJgKcPfdgecJghMnPGLLGdgKggPdQLjgcMKLJcnkcPiGNgJPogPLcPfHngcKgdgNkikncPL

717 : GmfbJfcLPFOfnjmmjFOIbOeJNFIKiFgJibIfJbOecfdbIfgLmOFKKFcfJffOcPKifbLJKIbmjbOhFMfIOnfOKbOeGmfbJfcfMjhjmbOK

718 : FleaIebKOENemilliENHaNdIMEHJhEfIhaHeIaNdbecaHefKlNEJJEbeIeeNbOJheaKIJHaliaNgELeHNmeNJaNdFleaIebeLigilaNJ

719 : EkdZHdaJNDMdlhkkhDMGZMcHLDGIgDeHgZGdHZMcadbZGdeJkMDIIDadHddMaNIgdZJHIGZkhZMfDKdGMldMIZMcEkdZHdadKhfhkZMI

720 : DjcYGcZIMCLckgjjgCLFYLbGKCFHfCdGfYFcGYLbZcaYFcdIjLCHHCZcGccLZMHfcYIGHFYjgYLeCJcFLkcLHYLbDjcYGcZcJgegjYLH

721 : CibXFbYHLBKbjfiifBKEXKaFJBEGeBcFeXEbFXKaYbZXEbcHiKBGGBYbFbbKYLGebXHFGEXifXKdBIbEKjbKGXKaCibXFbYbIfdfiXKG

722 : BhaWEaXGKAJaiehheAJDWJZEIADFdAbEdWDaEWJZXaYWDabGhJAFFAXaEaaJXKFdaWGEFDWheWJcAHaDJiaJFWJZBhaWEaXaHecehWJF

723 : AgZVDZWFJ0IZhdggd0ICVIYDH0CEc0aDcVCZDVIYWZXVCZaFgI0EE0WZDZZIWJEcZVFDECVgdVIb0GZCIhZIEVIYAgZVDZWZGdbdgVIE

724 : 0fYUCYVEI9HYgcffc9HBUHXCG9BDb9ZCbUBYCUHXVYWUBYZEfH9DD9VYCYYHVIDbYUECDBUfcUHa9FYBHgYHDUHX0fYUCYVYFcacfUHD

725 : 9eXTBXUDH8GXfbeeb8GATGWBF8ACa8YBaTAXBTGWUXVTAXYDeG8CC8UXBXXGUHCaXTDBCATebTGZ8EXAGfXGCTGW9eXTBXUXEbZbeTGC

726 : 8dWSAWTCG7FWeadda7F0SFVAE70BZ7XAZS0WASFVTWUS0WXCdF7BB7TWAWWFTGBZWSCAB0SdaSFY7DW0FeWFBSFV8dWSAWTWDaYadSFB

727 : 7cVR0VSBF6EVdZccZ6E9REU0D69AY6W0YR9V0REUSVTR9VWBcE6AA6SV0VVESFAYVRB0A9RcZREX6CV9EdVEAREU7cVR0VSVCZXZcREA

728 : 6bUQ9URAE5DUcYbbY5D8QDT9C580X5V9XQ8U9QDTRUSQ8UVAbD5005RU9UUDRE0XUQA908QbYQDW5BU8DcUD0QDT6bUQ9URUBYWYbQD0

729 : 5aTP8TQ0D4CTbXaaX4C7PCS8B479W4U8WP7T8PCSQTRP7TU0aC4994QT8TTCQD9WTP0897PaXPCV4AT7CbTC9PCS5aTP8TQTAXVXaPC9

730 : 4ZSO7SP9C3BSaWZZW3B6OBR7A368V3T7VO6S7OBRPSQO6ST9ZB3883PS7SSBPC8VSO9786OZWOBU30S6BaSB8OBR4ZSO7SPS0WUWZOB8

731 : 3YRN6RO8B2ARZVYYV2A5NAQ60257U2S6UN5R6NAQORPN5RS8YA2772OR6RRAOB7URN8675NYVNAT29R5AZRA7NAQ3YRN6ROR9VTVYNA7

